2016-01-23 15:23:52 [91.246.250.91][-][-][warning][yii\debug\Module::checkAccess] Access to debugger is denied due to IP address restriction. The requesting IP address is 91.246.250.91
    in C:\xampp\htdocs\basic\views\layouts\main.php:70
    in C:\xampp\htdocs\basic\controllers\SiteController.php:67
2016-01-23 15:23:52 [91.246.250.91][-][-][info][application] $_GET = [
    'r' => 'site/login'
]

$_SERVER = [
    'MIBDIRS' => '/xampp/php/extras/mibs'
    'MYSQL_HOME' => '\\xampp\\mysql\\bin'
    'OPENSSL_CONF' => '/xampp/apache/bin/openssl.cnf'
    'PHP_PEAR_SYSCONF_DIR' => '\\xampp\\php'
    'PHPRC' => '\\xampp\\php'
    'TMP' => '\\xampp\\tmp'
    'HTTP_HOST' => '91.246.250.91'
    'HTTP_CONNECTION' => 'keep-alive'
    'HTTP_ACCEPT' => 'text/html,application/xhtml+xml,application/xml;q=0.9,image/webp,*/*;q=0.8'
    'HTTP_UPGRADE_INSECURE_REQUESTS' => '1'
    'HTTP_USER_AGENT' => 'Mozilla/5.0 (Windows NT 6.1) AppleWebKit/537.36 (KHTML, like Gecko) Chrome/47.0.2526.111 Safari/537.36'
    'HTTP_ACCEPT_ENCODING' => 'gzip, deflate, sdch'
    'HTTP_ACCEPT_LANGUAGE' => 'ru-RU,ru;q=0.8,en-US;q=0.6,en;q=0.4,uk;q=0.2'
    'PATH' => 'C:\\Program Files\\Google\\Chrome\\Application;C:\\Windows\\system32;C:\\Windows;C:\\Windows\\System32\\Wbem;C:\\Windows\\System32\\WindowsPowerShell\\v1.0\\;C:\\Program Files\\Intel\\OpenCL SDK\\3.0\\bin\\x86ЖC:\\Program Files\\Java\\jdk1.8.0_05\\bin;C:\\Program Files\\QuickTime\\QTSystem\\;C:\\Program Files\\OpenVPN\\bin;C:\\Program Files\\Autodesk\\Backburner\\;C:\\Program Files\\Common Files\\Autodesk Shared\\;c:\\Program Files\\Microsoft SQL Server\\90\\Tools\\binn\\;C:\\Program Files\\Common Files\\Adobe\\AGL;C:\\Program Files\\TortoiseSVN\\bin;C:\\Program Files\\Skype\\Phone\\'
    'SystemRoot' => 'C:\\Windows'
    'COMSPEC' => 'C:\\Windows\\system32\\cmd.exe'
    'PATHEXT' => '.COM;.EXE;.BAT;.CMD;.VBS;.VBE;.JS;.JSE;.WSF;.WSH;.MSC'
    'WINDIR' => 'C:\\Windows'
    'SERVER_SIGNATURE' => '<address>Apache/2.4.17 (Win32) OpenSSL/1.0.2d PHP/5.5.30 Server at 91.246.250.91 Port 80</address>
'
    'SERVER_SOFTWARE' => 'Apache/2.4.17 (Win32) OpenSSL/1.0.2d PHP/5.5.30'
    'SERVER_NAME' => '91.246.250.91'
    'SERVER_ADDR' => '91.246.250.91'
    'SERVER_PORT' => '80'
    'REMOTE_ADDR' => '91.246.250.91'
    'DOCUMENT_ROOT' => 'C:/xampp/htdocs'
    'REQUEST_SCHEME' => 'http'
    'CONTEXT_PREFIX' => ''
    'CONTEXT_DOCUMENT_ROOT' => 'C:/xampp/htdocs'
    'SERVER_ADMIN' => 'postmaster@localhost'
    'SCRIPT_FILENAME' => 'C:/xampp/htdocs/basic/web/index.php'
    'REMOTE_PORT' => '59558'
    'GATEWAY_INTERFACE' => 'CGI/1.1'
    'SERVER_PROTOCOL' => 'HTTP/1.1'
    'REQUEST_METHOD' => 'GET'
    'QUERY_STRING' => 'r=site%2Flogin'
    'REQUEST_URI' => '/basic/web/index.php?r=site%2Flogin'
    'SCRIPT_NAME' => '/basic/web/index.php'
    'PHP_SELF' => '/basic/web/index.php'
    'REQUEST_TIME_FLOAT' => 1453559032.012
    'REQUEST_TIME' => 1453559032
]
2016-01-23 15:24:31 [91.246.250.91][-][-][warning][yii\debug\Module::checkAccess] Access to debugger is denied due to IP address restriction. The requesting IP address is 91.246.250.91
    in C:\xampp\htdocs\basic\views\layouts\main.php:70
    in C:\xampp\htdocs\basic\controllers\SiteController.php:52
2016-01-23 15:24:31 [91.246.250.91][-][-][info][application] $_COOKIE = [
    '_csrf' => 'ba63d660e956f3e7fa2345e21be67bebd225a7de3159d723bba4417e415efbafa:2:{i:0;s:5:\"_csrf\";i:1;s:32:\"FcztKP-v5oV-5qLsQ5yyJ1bIrBro3wAC\";}'
]

$_SERVER = [
    'MIBDIRS' => '/xampp/php/extras/mibs'
    'MYSQL_HOME' => '\\xampp\\mysql\\bin'
    'OPENSSL_CONF' => '/xampp/apache/bin/openssl.cnf'
    'PHP_PEAR_SYSCONF_DIR' => '\\xampp\\php'
    'PHPRC' => '\\xampp\\php'
    'TMP' => '\\xampp\\tmp'
    'HTTP_HOST' => '91.246.250.91'
    'HTTP_CONNECTION' => 'keep-alive'
    'HTTP_ACCEPT' => 'text/html,application/xhtml+xml,application/xml;q=0.9,image/webp,*/*;q=0.8'
    'HTTP_UPGRADE_INSECURE_REQUESTS' => '1'
    'HTTP_USER_AGENT' => 'Mozilla/5.0 (Windows NT 6.1) AppleWebKit/537.36 (KHTML, like Gecko) Chrome/47.0.2526.111 Safari/537.36'
    'HTTP_REFERER' => 'http://91.246.250.91/basic/web/index.php?r=site%2Flogin'
    'HTTP_ACCEPT_ENCODING' => 'gzip, deflate, sdch'
    'HTTP_ACCEPT_LANGUAGE' => 'ru-RU,ru;q=0.8,en-US;q=0.6,en;q=0.4,uk;q=0.2'
    'HTTP_COOKIE' => '_csrf=ba63d660e956f3e7fa2345e21be67bebd225a7de3159d723bba4417e415efbafa%3A2%3A%7Bi%3A0%3Bs%3A5%3A%22_csrf%22%3Bi%3A1%3Bs%3A32%3A%22FcztKP-v5oV-5qLsQ5yyJ1bIrBro3wAC%22%3B%7D'
    'PATH' => 'C:\\Program Files\\Google\\Chrome\\Application;C:\\Windows\\system32;C:\\Windows;C:\\Windows\\System32\\Wbem;C:\\Windows\\System32\\WindowsPowerShell\\v1.0\\;C:\\Program Files\\Intel\\OpenCL SDK\\3.0\\bin\\x86ЖC:\\Program Files\\Java\\jdk1.8.0_05\\bin;C:\\Program Files\\QuickTime\\QTSystem\\;C:\\Program Files\\OpenVPN\\bin;C:\\Program Files\\Autodesk\\Backburner\\;C:\\Program Files\\Common Files\\Autodesk Shared\\;c:\\Program Files\\Microsoft SQL Server\\90\\Tools\\binn\\;C:\\Program Files\\Common Files\\Adobe\\AGL;C:\\Program Files\\TortoiseSVN\\bin;C:\\Program Files\\Skype\\Phone\\'
    'SystemRoot' => 'C:\\Windows'
    'COMSPEC' => 'C:\\Windows\\system32\\cmd.exe'
    'PATHEXT' => '.COM;.EXE;.BAT;.CMD;.VBS;.VBE;.JS;.JSE;.WSF;.WSH;.MSC'
    'WINDIR' => 'C:\\Windows'
    'SERVER_SIGNATURE' => '<address>Apache/2.4.17 (Win32) OpenSSL/1.0.2d PHP/5.5.30 Server at 91.246.250.91 Port 80</address>
'
    'SERVER_SOFTWARE' => 'Apache/2.4.17 (Win32) OpenSSL/1.0.2d PHP/5.5.30'
    'SERVER_NAME' => '91.246.250.91'
    'SERVER_ADDR' => '91.246.250.91'
    'SERVER_PORT' => '80'
    'REMOTE_ADDR' => '91.246.250.91'
    'DOCUMENT_ROOT' => 'C:/xampp/htdocs'
    'REQUEST_SCHEME' => 'http'
    'CONTEXT_PREFIX' => ''
    'CONTEXT_DOCUMENT_ROOT' => 'C:/xampp/htdocs'
    'SERVER_ADMIN' => 'postmaster@localhost'
    'SCRIPT_FILENAME' => 'C:/xampp/htdocs/basic/web/index.php'
    'REMOTE_PORT' => '59601'
    'GATEWAY_INTERFACE' => 'CGI/1.1'
    'SERVER_PROTOCOL' => 'HTTP/1.1'
    'REQUEST_METHOD' => 'GET'
    'QUERY_STRING' => ''
    'REQUEST_URI' => '/basic/web/index.php'
    'SCRIPT_NAME' => '/basic/web/index.php'
    'PHP_SELF' => '/basic/web/index.php'
    'REQUEST_TIME_FLOAT' => 1453559071.884
    'REQUEST_TIME' => 1453559071
]
2016-01-23 15:24:33 [91.246.250.91][-][-][warning][yii\debug\Module::checkAccess] Access to debugger is denied due to IP address restriction. The requesting IP address is 91.246.250.91
    in C:\xampp\htdocs\basic\views\layouts\main.php:70
    in C:\xampp\htdocs\basic\controllers\SiteController.php:92
2016-01-23 15:24:33 [91.246.250.91][-][-][info][application] $_GET = [
    'r' => 'site/about'
]

$_COOKIE = [
    '_csrf' => 'ba63d660e956f3e7fa2345e21be67bebd225a7de3159d723bba4417e415efbafa:2:{i:0;s:5:\"_csrf\";i:1;s:32:\"FcztKP-v5oV-5qLsQ5yyJ1bIrBro3wAC\";}'
]

$_SERVER = [
    'MIBDIRS' => '/xampp/php/extras/mibs'
    'MYSQL_HOME' => '\\xampp\\mysql\\bin'
    'OPENSSL_CONF' => '/xampp/apache/bin/openssl.cnf'
    'PHP_PEAR_SYSCONF_DIR' => '\\xampp\\php'
    'PHPRC' => '\\xampp\\php'
    'TMP' => '\\xampp\\tmp'
    'HTTP_HOST' => '91.246.250.91'
    'HTTP_CONNECTION' => 'keep-alive'
    'HTTP_ACCEPT' => 'text/html,application/xhtml+xml,application/xml;q=0.9,image/webp,*/*;q=0.8'
    'HTTP_UPGRADE_INSECURE_REQUESTS' => '1'
    'HTTP_USER_AGENT' => 'Mozilla/5.0 (Windows NT 6.1) AppleWebKit/537.36 (KHTML, like Gecko) Chrome/47.0.2526.111 Safari/537.36'
    'HTTP_REFERER' => 'http://91.246.250.91/basic/web/index.php'
    'HTTP_ACCEPT_ENCODING' => 'gzip, deflate, sdch'
    'HTTP_ACCEPT_LANGUAGE' => 'ru-RU,ru;q=0.8,en-US;q=0.6,en;q=0.4,uk;q=0.2'
    'HTTP_COOKIE' => '_csrf=ba63d660e956f3e7fa2345e21be67bebd225a7de3159d723bba4417e415efbafa%3A2%3A%7Bi%3A0%3Bs%3A5%3A%22_csrf%22%3Bi%3A1%3Bs%3A32%3A%22FcztKP-v5oV-5qLsQ5yyJ1bIrBro3wAC%22%3B%7D'
    'PATH' => 'C:\\Program Files\\Google\\Chrome\\Application;C:\\Windows\\system32;C:\\Windows;C:\\Windows\\System32\\Wbem;C:\\Windows\\System32\\WindowsPowerShell\\v1.0\\;C:\\Program Files\\Intel\\OpenCL SDK\\3.0\\bin\\x86ЖC:\\Program Files\\Java\\jdk1.8.0_05\\bin;C:\\Program Files\\QuickTime\\QTSystem\\;C:\\Program Files\\OpenVPN\\bin;C:\\Program Files\\Autodesk\\Backburner\\;C:\\Program Files\\Common Files\\Autodesk Shared\\;c:\\Program Files\\Microsoft SQL Server\\90\\Tools\\binn\\;C:\\Program Files\\Common Files\\Adobe\\AGL;C:\\Program Files\\TortoiseSVN\\bin;C:\\Program Files\\Skype\\Phone\\'
    'SystemRoot' => 'C:\\Windows'
    'COMSPEC' => 'C:\\Windows\\system32\\cmd.exe'
    'PATHEXT' => '.COM;.EXE;.BAT;.CMD;.VBS;.VBE;.JS;.JSE;.WSF;.WSH;.MSC'
    'WINDIR' => 'C:\\Windows'
    'SERVER_SIGNATURE' => '<address>Apache/2.4.17 (Win32) OpenSSL/1.0.2d PHP/5.5.30 Server at 91.246.250.91 Port 80</address>
'
    'SERVER_SOFTWARE' => 'Apache/2.4.17 (Win32) OpenSSL/1.0.2d PHP/5.5.30'
    'SERVER_NAME' => '91.246.250.91'
    'SERVER_ADDR' => '91.246.250.91'
    'SERVER_PORT' => '80'
    'REMOTE_ADDR' => '91.246.250.91'
    'DOCUMENT_ROOT' => 'C:/xampp/htdocs'
    'REQUEST_SCHEME' => 'http'
    'CONTEXT_PREFIX' => ''
    'CONTEXT_DOCUMENT_ROOT' => 'C:/xampp/htdocs'
    'SERVER_ADMIN' => 'postmaster@localhost'
    'SCRIPT_FILENAME' => 'C:/xampp/htdocs/basic/web/index.php'
    'REMOTE_PORT' => '59602'
    'GATEWAY_INTERFACE' => 'CGI/1.1'
    'SERVER_PROTOCOL' => 'HTTP/1.1'
    'REQUEST_METHOD' => 'GET'
    'QUERY_STRING' => 'r=site%2Fabout'
    'REQUEST_URI' => '/basic/web/index.php?r=site%2Fabout'
    'SCRIPT_NAME' => '/basic/web/index.php'
    'PHP_SELF' => '/basic/web/index.php'
    'REQUEST_TIME_FLOAT' => 1453559073.7
    'REQUEST_TIME' => 1453559073
]
2016-01-23 15:24:34 [91.246.250.91][-][-][warning][yii\debug\Module::checkAccess] Access to debugger is denied due to IP address restriction. The requesting IP address is 91.246.250.91
    in C:\xampp\htdocs\basic\views\layouts\main.php:70
    in C:\xampp\htdocs\basic\controllers\SiteController.php:87
2016-01-23 15:24:34 [91.246.250.91][-][-][info][application] $_GET = [
    'r' => 'site/contact'
]

$_COOKIE = [
    '_csrf' => 'ba63d660e956f3e7fa2345e21be67bebd225a7de3159d723bba4417e415efbafa:2:{i:0;s:5:\"_csrf\";i:1;s:32:\"FcztKP-v5oV-5qLsQ5yyJ1bIrBro3wAC\";}'
    'PHPSESSID' => 'v50qh9mi2gc77i6ej56sfj5ql1'
]

$_SESSION = [
    '__flash' => []
    '__captcha/site/captcha' => 'bajnmip'
    '__captcha/site/captchacount' => 1
]

$_SERVER = [
    'MIBDIRS' => '/xampp/php/extras/mibs'
    'MYSQL_HOME' => '\\xampp\\mysql\\bin'
    'OPENSSL_CONF' => '/xampp/apache/bin/openssl.cnf'
    'PHP_PEAR_SYSCONF_DIR' => '\\xampp\\php'
    'PHPRC' => '\\xampp\\php'
    'TMP' => '\\xampp\\tmp'
    'HTTP_HOST' => '91.246.250.91'
    'HTTP_CONNECTION' => 'keep-alive'
    'HTTP_ACCEPT' => 'text/html,application/xhtml+xml,application/xml;q=0.9,image/webp,*/*;q=0.8'
    'HTTP_UPGRADE_INSECURE_REQUESTS' => '1'
    'HTTP_USER_AGENT' => 'Mozilla/5.0 (Windows NT 6.1) AppleWebKit/537.36 (KHTML, like Gecko) Chrome/47.0.2526.111 Safari/537.36'
    'HTTP_REFERER' => 'http://91.246.250.91/basic/web/index.php?r=site%2Fabout'
    'HTTP_ACCEPT_ENCODING' => 'gzip, deflate, sdch'
    'HTTP_ACCEPT_LANGUAGE' => 'ru-RU,ru;q=0.8,en-US;q=0.6,en;q=0.4,uk;q=0.2'
    'HTTP_COOKIE' => '_csrf=ba63d660e956f3e7fa2345e21be67bebd225a7de3159d723bba4417e415efbafa%3A2%3A%7Bi%3A0%3Bs%3A5%3A%22_csrf%22%3Bi%3A1%3Bs%3A32%3A%22FcztKP-v5oV-5qLsQ5yyJ1bIrBro3wAC%22%3B%7D; PHPSESSID=v50qh9mi2gc77i6ej56sfj5ql1'
    'PATH' => 'C:\\Program Files\\Google\\Chrome\\Application;C:\\Windows\\system32;C:\\Windows;C:\\Windows\\System32\\Wbem;C:\\Windows\\System32\\WindowsPowerShell\\v1.0\\;C:\\Program Files\\Intel\\OpenCL SDK\\3.0\\bin\\x86ЖC:\\Program Files\\Java\\jdk1.8.0_05\\bin;C:\\Program Files\\QuickTime\\QTSystem\\;C:\\Program Files\\OpenVPN\\bin;C:\\Program Files\\Autodesk\\Backburner\\;C:\\Program Files\\Common Files\\Autodesk Shared\\;c:\\Program Files\\Microsoft SQL Server\\90\\Tools\\binn\\;C:\\Program Files\\Common Files\\Adobe\\AGL;C:\\Program Files\\TortoiseSVN\\bin;C:\\Program Files\\Skype\\Phone\\'
    'SystemRoot' => 'C:\\Windows'
    'COMSPEC' => 'C:\\Windows\\system32\\cmd.exe'
    'PATHEXT' => '.COM;.EXE;.BAT;.CMD;.VBS;.VBE;.JS;.JSE;.WSF;.WSH;.MSC'
    'WINDIR' => 'C:\\Windows'
    'SERVER_SIGNATURE' => '<address>Apache/2.4.17 (Win32) OpenSSL/1.0.2d PHP/5.5.30 Server at 91.246.250.91 Port 80</address>
'
    'SERVER_SOFTWARE' => 'Apache/2.4.17 (Win32) OpenSSL/1.0.2d PHP/5.5.30'
    'SERVER_NAME' => '91.246.250.91'
    'SERVER_ADDR' => '91.246.250.91'
    'SERVER_PORT' => '80'
    'REMOTE_ADDR' => '91.246.250.91'
    'DOCUMENT_ROOT' => 'C:/xampp/htdocs'
    'REQUEST_SCHEME' => 'http'
    'CONTEXT_PREFIX' => ''
    'CONTEXT_DOCUMENT_ROOT' => 'C:/xampp/htdocs'
    'SERVER_ADMIN' => 'postmaster@localhost'
    'SCRIPT_FILENAME' => 'C:/xampp/htdocs/basic/web/index.php'
    'REMOTE_PORT' => '59602'
    'GATEWAY_INTERFACE' => 'CGI/1.1'
    'SERVER_PROTOCOL' => 'HTTP/1.1'
    'REQUEST_METHOD' => 'GET'
    'QUERY_STRING' => 'r=site%2Fcontact'
    'REQUEST_URI' => '/basic/web/index.php?r=site%2Fcontact'
    'SCRIPT_NAME' => '/basic/web/index.php'
    'PHP_SELF' => '/basic/web/index.php'
    'REQUEST_TIME_FLOAT' => 1453559074.424
    'REQUEST_TIME' => 1453559074
]
2016-01-23 15:24:35 [91.246.250.91][-][-][warning][yii\debug\Module::checkAccess] Access to debugger is denied due to IP address restriction. The requesting IP address is 91.246.250.91
    in C:\xampp\htdocs\basic\views\layouts\main.php:70
    in C:\xampp\htdocs\basic\controllers\SiteController.php:67
2016-01-23 15:24:35 [91.246.250.91][-][-][info][application] $_GET = [
    'r' => 'site/login'
]

$_COOKIE = [
    '_csrf' => 'ba63d660e956f3e7fa2345e21be67bebd225a7de3159d723bba4417e415efbafa:2:{i:0;s:5:\"_csrf\";i:1;s:32:\"FcztKP-v5oV-5qLsQ5yyJ1bIrBro3wAC\";}'
    'PHPSESSID' => 'v50qh9mi2gc77i6ej56sfj5ql1'
]

$_SESSION = [
    '__flash' => []
    '__captcha/site/captcha' => 'bajnmip'
    '__captcha/site/captchacount' => 1
]

$_SERVER = [
    'MIBDIRS' => '/xampp/php/extras/mibs'
    'MYSQL_HOME' => '\\xampp\\mysql\\bin'
    'OPENSSL_CONF' => '/xampp/apache/bin/openssl.cnf'
    'PHP_PEAR_SYSCONF_DIR' => '\\xampp\\php'
    'PHPRC' => '\\xampp\\php'
    'TMP' => '\\xampp\\tmp'
    'HTTP_HOST' => '91.246.250.91'
    'HTTP_CONNECTION' => 'keep-alive'
    'HTTP_ACCEPT' => 'text/html,application/xhtml+xml,application/xml;q=0.9,image/webp,*/*;q=0.8'
    'HTTP_UPGRADE_INSECURE_REQUESTS' => '1'
    'HTTP_USER_AGENT' => 'Mozilla/5.0 (Windows NT 6.1) AppleWebKit/537.36 (KHTML, like Gecko) Chrome/47.0.2526.111 Safari/537.36'
    'HTTP_REFERER' => 'http://91.246.250.91/basic/web/index.php?r=site%2Fcontact'
    'HTTP_ACCEPT_ENCODING' => 'gzip, deflate, sdch'
    'HTTP_ACCEPT_LANGUAGE' => 'ru-RU,ru;q=0.8,en-US;q=0.6,en;q=0.4,uk;q=0.2'
    'HTTP_COOKIE' => '_csrf=ba63d660e956f3e7fa2345e21be67bebd225a7de3159d723bba4417e415efbafa%3A2%3A%7Bi%3A0%3Bs%3A5%3A%22_csrf%22%3Bi%3A1%3Bs%3A32%3A%22FcztKP-v5oV-5qLsQ5yyJ1bIrBro3wAC%22%3B%7D; PHPSESSID=v50qh9mi2gc77i6ej56sfj5ql1'
    'PATH' => 'C:\\Program Files\\Google\\Chrome\\Application;C:\\Windows\\system32;C:\\Windows;C:\\Windows\\System32\\Wbem;C:\\Windows\\System32\\WindowsPowerShell\\v1.0\\;C:\\Program Files\\Intel\\OpenCL SDK\\3.0\\bin\\x86ЖC:\\Program Files\\Java\\jdk1.8.0_05\\bin;C:\\Program Files\\QuickTime\\QTSystem\\;C:\\Program Files\\OpenVPN\\bin;C:\\Program Files\\Autodesk\\Backburner\\;C:\\Program Files\\Common Files\\Autodesk Shared\\;c:\\Program Files\\Microsoft SQL Server\\90\\Tools\\binn\\;C:\\Program Files\\Common Files\\Adobe\\AGL;C:\\Program Files\\TortoiseSVN\\bin;C:\\Program Files\\Skype\\Phone\\'
    'SystemRoot' => 'C:\\Windows'
    'COMSPEC' => 'C:\\Windows\\system32\\cmd.exe'
    'PATHEXT' => '.COM;.EXE;.BAT;.CMD;.VBS;.VBE;.JS;.JSE;.WSF;.WSH;.MSC'
    'WINDIR' => 'C:\\Windows'
    'SERVER_SIGNATURE' => '<address>Apache/2.4.17 (Win32) OpenSSL/1.0.2d PHP/5.5.30 Server at 91.246.250.91 Port 80</address>
'
    'SERVER_SOFTWARE' => 'Apache/2.4.17 (Win32) OpenSSL/1.0.2d PHP/5.5.30'
    'SERVER_NAME' => '91.246.250.91'
    'SERVER_ADDR' => '91.246.250.91'
    'SERVER_PORT' => '80'
    'REMOTE_ADDR' => '91.246.250.91'
    'DOCUMENT_ROOT' => 'C:/xampp/htdocs'
    'REQUEST_SCHEME' => 'http'
    'CONTEXT_PREFIX' => ''
    'CONTEXT_DOCUMENT_ROOT' => 'C:/xampp/htdocs'
    'SERVER_ADMIN' => 'postmaster@localhost'
    'SCRIPT_FILENAME' => 'C:/xampp/htdocs/basic/web/index.php'
    'REMOTE_PORT' => '59602'
    'GATEWAY_INTERFACE' => 'CGI/1.1'
    'SERVER_PROTOCOL' => 'HTTP/1.1'
    'REQUEST_METHOD' => 'GET'
    'QUERY_STRING' => 'r=site%2Flogin'
    'REQUEST_URI' => '/basic/web/index.php?r=site%2Flogin'
    'SCRIPT_NAME' => '/basic/web/index.php'
    'PHP_SELF' => '/basic/web/index.php'
    'REQUEST_TIME_FLOAT' => 1453559075.066
    'REQUEST_TIME' => 1453559075
]
2016-01-23 15:26:07 [91.246.250.91][-][-][warning][yii\debug\Module::checkAccess] Access to debugger is denied due to IP address restriction. The requesting IP address is 91.246.250.91
    in C:\xampp\htdocs\basic\views\layouts\main.php:70
    in C:\xampp\htdocs\basic\controllers\SiteController.php:67
2016-01-23 15:26:07 [91.246.250.91][-][-][info][application] $_GET = [
    'r' => 'site/login'
]

$_COOKIE = [
    '_csrf' => 'ba63d660e956f3e7fa2345e21be67bebd225a7de3159d723bba4417e415efbafa:2:{i:0;s:5:\"_csrf\";i:1;s:32:\"FcztKP-v5oV-5qLsQ5yyJ1bIrBro3wAC\";}'
    'PHPSESSID' => 'v50qh9mi2gc77i6ej56sfj5ql1'
]

$_SESSION = [
    '__flash' => []
    '__captcha/site/captcha' => 'bajnmip'
    '__captcha/site/captchacount' => 1
]

$_SERVER = [
    'MIBDIRS' => '/xampp/php/extras/mibs'
    'MYSQL_HOME' => '\\xampp\\mysql\\bin'
    'OPENSSL_CONF' => '/xampp/apache/bin/openssl.cnf'
    'PHP_PEAR_SYSCONF_DIR' => '\\xampp\\php'
    'PHPRC' => '\\xampp\\php'
    'TMP' => '\\xampp\\tmp'
    'HTTP_HOST' => '91.246.250.91'
    'HTTP_CONNECTION' => 'keep-alive'
    'HTTP_ACCEPT' => 'text/html,application/xhtml+xml,application/xml;q=0.9,image/webp,*/*;q=0.8'
    'HTTP_UPGRADE_INSECURE_REQUESTS' => '1'
    'HTTP_USER_AGENT' => 'Mozilla/5.0 (Windows NT 6.1) AppleWebKit/537.36 (KHTML, like Gecko) Chrome/47.0.2526.111 Safari/537.36'
    'HTTP_REFERER' => 'http://91.246.250.91/basic/web/index.php?r=site%2Fcontact'
    'HTTP_ACCEPT_ENCODING' => 'gzip, deflate, sdch'
    'HTTP_ACCEPT_LANGUAGE' => 'ru-RU,ru;q=0.8,en-US;q=0.6,en;q=0.4,uk;q=0.2'
    'HTTP_COOKIE' => '_csrf=ba63d660e956f3e7fa2345e21be67bebd225a7de3159d723bba4417e415efbafa%3A2%3A%7Bi%3A0%3Bs%3A5%3A%22_csrf%22%3Bi%3A1%3Bs%3A32%3A%22FcztKP-v5oV-5qLsQ5yyJ1bIrBro3wAC%22%3B%7D; PHPSESSID=v50qh9mi2gc77i6ej56sfj5ql1'
    'PATH' => 'C:\\Program Files\\Google\\Chrome\\Application;C:\\Windows\\system32;C:\\Windows;C:\\Windows\\System32\\Wbem;C:\\Windows\\System32\\WindowsPowerShell\\v1.0\\;C:\\Program Files\\Intel\\OpenCL SDK\\3.0\\bin\\x86ЖC:\\Program Files\\Java\\jdk1.8.0_05\\bin;C:\\Program Files\\QuickTime\\QTSystem\\;C:\\Program Files\\OpenVPN\\bin;C:\\Program Files\\Autodesk\\Backburner\\;C:\\Program Files\\Common Files\\Autodesk Shared\\;c:\\Program Files\\Microsoft SQL Server\\90\\Tools\\binn\\;C:\\Program Files\\Common Files\\Adobe\\AGL;C:\\Program Files\\TortoiseSVN\\bin;C:\\Program Files\\Skype\\Phone\\'
    'SystemRoot' => 'C:\\Windows'
    'COMSPEC' => 'C:\\Windows\\system32\\cmd.exe'
    'PATHEXT' => '.COM;.EXE;.BAT;.CMD;.VBS;.VBE;.JS;.JSE;.WSF;.WSH;.MSC'
    'WINDIR' => 'C:\\Windows'
    'SERVER_SIGNATURE' => '<address>Apache/2.4.17 (Win32) OpenSSL/1.0.2d PHP/5.5.30 Server at 91.246.250.91 Port 80</address>
'
    'SERVER_SOFTWARE' => 'Apache/2.4.17 (Win32) OpenSSL/1.0.2d PHP/5.5.30'
    'SERVER_NAME' => '91.246.250.91'
    'SERVER_ADDR' => '91.246.250.91'
    'SERVER_PORT' => '80'
    'REMOTE_ADDR' => '91.246.250.91'
    'DOCUMENT_ROOT' => 'C:/xampp/htdocs'
    'REQUEST_SCHEME' => 'http'
    'CONTEXT_PREFIX' => ''
    'CONTEXT_DOCUMENT_ROOT' => 'C:/xampp/htdocs'
    'SERVER_ADMIN' => 'postmaster@localhost'
    'SCRIPT_FILENAME' => 'C:/xampp/htdocs/basic/web/index.php'
    'REMOTE_PORT' => '59792'
    'GATEWAY_INTERFACE' => 'CGI/1.1'
    'SERVER_PROTOCOL' => 'HTTP/1.1'
    'REQUEST_METHOD' => 'GET'
    'QUERY_STRING' => 'r=site%2Flogin'
    'REQUEST_URI' => '/basic/web/index.php?r=site%2Flogin'
    'SCRIPT_NAME' => '/basic/web/index.php'
    'PHP_SELF' => '/basic/web/index.php'
    'REQUEST_TIME_FLOAT' => 1453559167.408
    'REQUEST_TIME' => 1453559167
]
2016-01-23 15:26:10 [91.246.250.91][-][-][warning][yii\debug\Module::checkAccess] Access to debugger is denied due to IP address restriction. The requesting IP address is 91.246.250.91
    in C:\xampp\htdocs\basic\views\layouts\main.php:70
    in C:\xampp\htdocs\basic\controllers\SiteController.php:52
2016-01-23 15:26:10 [91.246.250.91][-][-][info][application] $_COOKIE = [
    '_csrf' => 'ba63d660e956f3e7fa2345e21be67bebd225a7de3159d723bba4417e415efbafa:2:{i:0;s:5:\"_csrf\";i:1;s:32:\"FcztKP-v5oV-5qLsQ5yyJ1bIrBro3wAC\";}'
    'PHPSESSID' => 'v50qh9mi2gc77i6ej56sfj5ql1'
]

$_SESSION = [
    '__flash' => []
    '__captcha/site/captcha' => 'bajnmip'
    '__captcha/site/captchacount' => 1
]

$_SERVER = [
    'MIBDIRS' => '/xampp/php/extras/mibs'
    'MYSQL_HOME' => '\\xampp\\mysql\\bin'
    'OPENSSL_CONF' => '/xampp/apache/bin/openssl.cnf'
    'PHP_PEAR_SYSCONF_DIR' => '\\xampp\\php'
    'PHPRC' => '\\xampp\\php'
    'TMP' => '\\xampp\\tmp'
    'HTTP_HOST' => '91.246.250.91'
    'HTTP_CONNECTION' => 'keep-alive'
    'HTTP_ACCEPT' => 'text/html,application/xhtml+xml,application/xml;q=0.9,image/webp,*/*;q=0.8'
    'HTTP_UPGRADE_INSECURE_REQUESTS' => '1'
    'HTTP_USER_AGENT' => 'Mozilla/5.0 (Windows NT 6.1) AppleWebKit/537.36 (KHTML, like Gecko) Chrome/47.0.2526.111 Safari/537.36'
    'HTTP_REFERER' => 'http://91.246.250.91/basic/web/index.php?r=site%2Flogin'
    'HTTP_ACCEPT_ENCODING' => 'gzip, deflate, sdch'
    'HTTP_ACCEPT_LANGUAGE' => 'ru-RU,ru;q=0.8,en-US;q=0.6,en;q=0.4,uk;q=0.2'
    'HTTP_COOKIE' => '_csrf=ba63d660e956f3e7fa2345e21be67bebd225a7de3159d723bba4417e415efbafa%3A2%3A%7Bi%3A0%3Bs%3A5%3A%22_csrf%22%3Bi%3A1%3Bs%3A32%3A%22FcztKP-v5oV-5qLsQ5yyJ1bIrBro3wAC%22%3B%7D; PHPSESSID=v50qh9mi2gc77i6ej56sfj5ql1'
    'PATH' => 'C:\\Program Files\\Google\\Chrome\\Application;C:\\Windows\\system32;C:\\Windows;C:\\Windows\\System32\\Wbem;C:\\Windows\\System32\\WindowsPowerShell\\v1.0\\;C:\\Program Files\\Intel\\OpenCL SDK\\3.0\\bin\\x86ЖC:\\Program Files\\Java\\jdk1.8.0_05\\bin;C:\\Program Files\\QuickTime\\QTSystem\\;C:\\Program Files\\OpenVPN\\bin;C:\\Program Files\\Autodesk\\Backburner\\;C:\\Program Files\\Common Files\\Autodesk Shared\\;c:\\Program Files\\Microsoft SQL Server\\90\\Tools\\binn\\;C:\\Program Files\\Common Files\\Adobe\\AGL;C:\\Program Files\\TortoiseSVN\\bin;C:\\Program Files\\Skype\\Phone\\'
    'SystemRoot' => 'C:\\Windows'
    'COMSPEC' => 'C:\\Windows\\system32\\cmd.exe'
    'PATHEXT' => '.COM;.EXE;.BAT;.CMD;.VBS;.VBE;.JS;.JSE;.WSF;.WSH;.MSC'
    'WINDIR' => 'C:\\Windows'
    'SERVER_SIGNATURE' => '<address>Apache/2.4.17 (Win32) OpenSSL/1.0.2d PHP/5.5.30 Server at 91.246.250.91 Port 80</address>
'
    'SERVER_SOFTWARE' => 'Apache/2.4.17 (Win32) OpenSSL/1.0.2d PHP/5.5.30'
    'SERVER_NAME' => '91.246.250.91'
    'SERVER_ADDR' => '91.246.250.91'
    'SERVER_PORT' => '80'
    'REMOTE_ADDR' => '91.246.250.91'
    'DOCUMENT_ROOT' => 'C:/xampp/htdocs'
    'REQUEST_SCHEME' => 'http'
    'CONTEXT_PREFIX' => ''
    'CONTEXT_DOCUMENT_ROOT' => 'C:/xampp/htdocs'
    'SERVER_ADMIN' => 'postmaster@localhost'
    'SCRIPT_FILENAME' => 'C:/xampp/htdocs/basic/web/index.php'
    'REMOTE_PORT' => '59792'
    'GATEWAY_INTERFACE' => 'CGI/1.1'
    'SERVER_PROTOCOL' => 'HTTP/1.1'
    'REQUEST_METHOD' => 'GET'
    'QUERY_STRING' => ''
    'REQUEST_URI' => '/basic/web/index.php'
    'SCRIPT_NAME' => '/basic/web/index.php'
    'PHP_SELF' => '/basic/web/index.php'
    'REQUEST_TIME_FLOAT' => 1453559170.815
    'REQUEST_TIME' => 1453559170
]
2016-01-23 15:26:44 [91.246.250.91][-][-][warning][yii\debug\Module::checkAccess] Access to debugger is denied due to IP address restriction. The requesting IP address is 91.246.250.91
    in C:\xampp\htdocs\basic\views\layouts\main.php:70
    in C:\xampp\htdocs\basic\controllers\SiteController.php:52
2016-01-23 15:26:44 [91.246.250.91][-][-][info][application] $_COOKIE = [
    '_csrf' => 'ba63d660e956f3e7fa2345e21be67bebd225a7de3159d723bba4417e415efbafa:2:{i:0;s:5:\"_csrf\";i:1;s:32:\"FcztKP-v5oV-5qLsQ5yyJ1bIrBro3wAC\";}'
    'PHPSESSID' => 'v50qh9mi2gc77i6ej56sfj5ql1'
]

$_SESSION = [
    '__flash' => []
    '__captcha/site/captcha' => 'bajnmip'
    '__captcha/site/captchacount' => 1
]

$_SERVER = [
    'MIBDIRS' => '/xampp/php/extras/mibs'
    'MYSQL_HOME' => '\\xampp\\mysql\\bin'
    'OPENSSL_CONF' => '/xampp/apache/bin/openssl.cnf'
    'PHP_PEAR_SYSCONF_DIR' => '\\xampp\\php'
    'PHPRC' => '\\xampp\\php'
    'TMP' => '\\xampp\\tmp'
    'HTTP_HOST' => '91.246.250.91'
    'HTTP_CONNECTION' => 'keep-alive'
    'HTTP_ACCEPT' => 'text/html,application/xhtml+xml,application/xml;q=0.9,image/webp,*/*;q=0.8'
    'HTTP_UPGRADE_INSECURE_REQUESTS' => '1'
    'HTTP_USER_AGENT' => 'Mozilla/5.0 (Windows NT 6.1) AppleWebKit/537.36 (KHTML, like Gecko) Chrome/47.0.2526.111 Safari/537.36'
    'HTTP_REFERER' => 'http://91.246.250.91/basic/web/index.php?r=site%2Flogin'
    'HTTP_ACCEPT_ENCODING' => 'gzip, deflate, sdch'
    'HTTP_ACCEPT_LANGUAGE' => 'ru-RU,ru;q=0.8,en-US;q=0.6,en;q=0.4,uk;q=0.2'
    'HTTP_COOKIE' => '_csrf=ba63d660e956f3e7fa2345e21be67bebd225a7de3159d723bba4417e415efbafa%3A2%3A%7Bi%3A0%3Bs%3A5%3A%22_csrf%22%3Bi%3A1%3Bs%3A32%3A%22FcztKP-v5oV-5qLsQ5yyJ1bIrBro3wAC%22%3B%7D; PHPSESSID=v50qh9mi2gc77i6ej56sfj5ql1'
    'PATH' => 'C:\\Program Files\\Google\\Chrome\\Application;C:\\Windows\\system32;C:\\Windows;C:\\Windows\\System32\\Wbem;C:\\Windows\\System32\\WindowsPowerShell\\v1.0\\;C:\\Program Files\\Intel\\OpenCL SDK\\3.0\\bin\\x86ЖC:\\Program Files\\Java\\jdk1.8.0_05\\bin;C:\\Program Files\\QuickTime\\QTSystem\\;C:\\Program Files\\OpenVPN\\bin;C:\\Program Files\\Autodesk\\Backburner\\;C:\\Program Files\\Common Files\\Autodesk Shared\\;c:\\Program Files\\Microsoft SQL Server\\90\\Tools\\binn\\;C:\\Program Files\\Common Files\\Adobe\\AGL;C:\\Program Files\\TortoiseSVN\\bin;C:\\Program Files\\Skype\\Phone\\'
    'SystemRoot' => 'C:\\Windows'
    'COMSPEC' => 'C:\\Windows\\system32\\cmd.exe'
    'PATHEXT' => '.COM;.EXE;.BAT;.CMD;.VBS;.VBE;.JS;.JSE;.WSF;.WSH;.MSC'
    'WINDIR' => 'C:\\Windows'
    'SERVER_SIGNATURE' => '<address>Apache/2.4.17 (Win32) OpenSSL/1.0.2d PHP/5.5.30 Server at 91.246.250.91 Port 80</address>
'
    'SERVER_SOFTWARE' => 'Apache/2.4.17 (Win32) OpenSSL/1.0.2d PHP/5.5.30'
    'SERVER_NAME' => '91.246.250.91'
    'SERVER_ADDR' => '91.246.250.91'
    'SERVER_PORT' => '80'
    'REMOTE_ADDR' => '91.246.250.91'
    'DOCUMENT_ROOT' => 'C:/xampp/htdocs'
    'REQUEST_SCHEME' => 'http'
    'CONTEXT_PREFIX' => ''
    'CONTEXT_DOCUMENT_ROOT' => 'C:/xampp/htdocs'
    'SERVER_ADMIN' => 'postmaster@localhost'
    'SCRIPT_FILENAME' => 'C:/xampp/htdocs/basic/web/index.php'
    'REMOTE_PORT' => '59854'
    'GATEWAY_INTERFACE' => 'CGI/1.1'
    'SERVER_PROTOCOL' => 'HTTP/1.1'
    'REQUEST_METHOD' => 'GET'
    'QUERY_STRING' => ''
    'REQUEST_URI' => '/basic/web/index.php'
    'SCRIPT_NAME' => '/basic/web/index.php'
    'PHP_SELF' => '/basic/web/index.php'
    'REQUEST_TIME_FLOAT' => 1453559204.537
    'REQUEST_TIME' => 1453559204
]
2016-01-23 15:54:40 [91.246.250.91][-][-][warning][yii\debug\Module::checkAccess] Access to debugger is denied due to IP address restriction. The requesting IP address is 91.246.250.91
    in C:\xampp\htdocs\basic\views\layouts\main.php:70
    in C:\xampp\htdocs\basic\controllers\SiteController.php:87
2016-01-23 15:54:40 [91.246.250.91][-][-][info][application] $_GET = [
    'r' => 'site/contact'
]

$_COOKIE = [
    '_csrf' => 'ba63d660e956f3e7fa2345e21be67bebd225a7de3159d723bba4417e415efbafa:2:{i:0;s:5:\"_csrf\";i:1;s:32:\"FcztKP-v5oV-5qLsQ5yyJ1bIrBro3wAC\";}'
    'PHPSESSID' => 'v50qh9mi2gc77i6ej56sfj5ql1'
]

$_SESSION = [
    '__flash' => []
    '__captcha/site/captcha' => 'bajnmip'
    '__captcha/site/captchacount' => 1
]

$_SERVER = [
    'MIBDIRS' => '/xampp/php/extras/mibs'
    'MYSQL_HOME' => '\\xampp\\mysql\\bin'
    'OPENSSL_CONF' => '/xampp/apache/bin/openssl.cnf'
    'PHP_PEAR_SYSCONF_DIR' => '\\xampp\\php'
    'PHPRC' => '\\xampp\\php'
    'TMP' => '\\xampp\\tmp'
    'HTTP_HOST' => '91.246.250.91'
    'HTTP_CONNECTION' => 'keep-alive'
    'HTTP_ACCEPT' => 'text/html,application/xhtml+xml,application/xml;q=0.9,image/webp,*/*;q=0.8'
    'HTTP_UPGRADE_INSECURE_REQUESTS' => '1'
    'HTTP_USER_AGENT' => 'Mozilla/5.0 (Windows NT 6.1) AppleWebKit/537.36 (KHTML, like Gecko) Chrome/47.0.2526.111 Safari/537.36'
    'HTTP_REFERER' => 'http://91.246.250.91/basic/web/index.php'
    'HTTP_ACCEPT_ENCODING' => 'gzip, deflate, sdch'
    'HTTP_ACCEPT_LANGUAGE' => 'ru-RU,ru;q=0.8,en-US;q=0.6,en;q=0.4,uk;q=0.2'
    'HTTP_COOKIE' => '_csrf=ba63d660e956f3e7fa2345e21be67bebd225a7de3159d723bba4417e415efbafa%3A2%3A%7Bi%3A0%3Bs%3A5%3A%22_csrf%22%3Bi%3A1%3Bs%3A32%3A%22FcztKP-v5oV-5qLsQ5yyJ1bIrBro3wAC%22%3B%7D; PHPSESSID=v50qh9mi2gc77i6ej56sfj5ql1'
    'PATH' => 'C:\\Program Files\\Google\\Chrome\\Application;C:\\Windows\\system32;C:\\Windows;C:\\Windows\\System32\\Wbem;C:\\Windows\\System32\\WindowsPowerShell\\v1.0\\;C:\\Program Files\\Intel\\OpenCL SDK\\3.0\\bin\\x86ЖC:\\Program Files\\Java\\jdk1.8.0_05\\bin;C:\\Program Files\\QuickTime\\QTSystem\\;C:\\Program Files\\OpenVPN\\bin;C:\\Program Files\\Autodesk\\Backburner\\;C:\\Program Files\\Common Files\\Autodesk Shared\\;c:\\Program Files\\Microsoft SQL Server\\90\\Tools\\binn\\;C:\\Program Files\\Common Files\\Adobe\\AGL;C:\\Program Files\\TortoiseSVN\\bin;C:\\Program Files\\Skype\\Phone\\'
    'SystemRoot' => 'C:\\Windows'
    'COMSPEC' => 'C:\\Windows\\system32\\cmd.exe'
    'PATHEXT' => '.COM;.EXE;.BAT;.CMD;.VBS;.VBE;.JS;.JSE;.WSF;.WSH;.MSC'
    'WINDIR' => 'C:\\Windows'
    'SERVER_SIGNATURE' => '<address>Apache/2.4.17 (Win32) OpenSSL/1.0.2d PHP/5.5.30 Server at 91.246.250.91 Port 80</address>
'
    'SERVER_SOFTWARE' => 'Apache/2.4.17 (Win32) OpenSSL/1.0.2d PHP/5.5.30'
    'SERVER_NAME' => '91.246.250.91'
    'SERVER_ADDR' => '91.246.250.91'
    'SERVER_PORT' => '80'
    'REMOTE_ADDR' => '91.246.250.91'
    'DOCUMENT_ROOT' => 'C:/xampp/htdocs'
    'REQUEST_SCHEME' => 'http'
    'CONTEXT_PREFIX' => ''
    'CONTEXT_DOCUMENT_ROOT' => 'C:/xampp/htdocs'
    'SERVER_ADMIN' => 'postmaster@localhost'
    'SCRIPT_FILENAME' => 'C:/xampp/htdocs/basic/web/index.php'
    'REMOTE_PORT' => '61268'
    'GATEWAY_INTERFACE' => 'CGI/1.1'
    'SERVER_PROTOCOL' => 'HTTP/1.1'
    'REQUEST_METHOD' => 'GET'
    'QUERY_STRING' => 'r=site%2Fcontact'
    'REQUEST_URI' => '/basic/web/index.php?r=site%2Fcontact'
    'SCRIPT_NAME' => '/basic/web/index.php'
    'PHP_SELF' => '/basic/web/index.php'
    'REQUEST_TIME_FLOAT' => 1453560879.976
    'REQUEST_TIME' => 1453560879
]
2016-01-23 17:00:42 [91.246.250.91][-][-][warning][yii\debug\Module::checkAccess] Access to debugger is denied due to IP address restriction. The requesting IP address is 91.246.250.91
    in C:\xampp\htdocs\basic\views\layouts\main.php:42
    in C:\xampp\htdocs\basic\controllers\SiteController.php:52
2016-01-23 17:00:42 [91.246.250.91][-][-][info][application] $_GET = [
    'r' => 'site/index'
]

$_COOKIE = [
    '_csrf' => 'ba63d660e956f3e7fa2345e21be67bebd225a7de3159d723bba4417e415efbafa:2:{i:0;s:5:\"_csrf\";i:1;s:32:\"FcztKP-v5oV-5qLsQ5yyJ1bIrBro3wAC\";}'
    'PHPSESSID' => 'v50qh9mi2gc77i6ej56sfj5ql1'
]

$_SERVER = [
    'MIBDIRS' => '/xampp/php/extras/mibs'
    'MYSQL_HOME' => '\\xampp\\mysql\\bin'
    'OPENSSL_CONF' => '/xampp/apache/bin/openssl.cnf'
    'PHP_PEAR_SYSCONF_DIR' => '\\xampp\\php'
    'PHPRC' => '\\xampp\\php'
    'TMP' => '\\xampp\\tmp'
    'HTTP_HOST' => '91.246.250.91'
    'HTTP_CONNECTION' => 'keep-alive'
    'HTTP_ACCEPT' => 'text/html,application/xhtml+xml,application/xml;q=0.9,image/webp,*/*;q=0.8'
    'HTTP_UPGRADE_INSECURE_REQUESTS' => '1'
    'HTTP_USER_AGENT' => 'Mozilla/5.0 (Windows NT 6.1) AppleWebKit/537.36 (KHTML, like Gecko) Chrome/47.0.2526.111 Safari/537.36'
    'HTTP_REFERER' => 'http://91.246.250.91/basic/web/index.php?r=site%2Fcontact'
    'HTTP_ACCEPT_ENCODING' => 'gzip, deflate, sdch'
    'HTTP_ACCEPT_LANGUAGE' => 'ru-RU,ru;q=0.8,en-US;q=0.6,en;q=0.4,uk;q=0.2'
    'HTTP_COOKIE' => '_csrf=ba63d660e956f3e7fa2345e21be67bebd225a7de3159d723bba4417e415efbafa%3A2%3A%7Bi%3A0%3Bs%3A5%3A%22_csrf%22%3Bi%3A1%3Bs%3A32%3A%22FcztKP-v5oV-5qLsQ5yyJ1bIrBro3wAC%22%3B%7D; PHPSESSID=v50qh9mi2gc77i6ej56sfj5ql1'
    'PATH' => 'C:\\Program Files\\Google\\Chrome\\Application;C:\\Windows\\system32;C:\\Windows;C:\\Windows\\System32\\Wbem;C:\\Windows\\System32\\WindowsPowerShell\\v1.0\\;C:\\Program Files\\Intel\\OpenCL SDK\\3.0\\bin\\x86ЖC:\\Program Files\\Java\\jdk1.8.0_05\\bin;C:\\Program Files\\QuickTime\\QTSystem\\;C:\\Program Files\\OpenVPN\\bin;C:\\Program Files\\Autodesk\\Backburner\\;C:\\Program Files\\Common Files\\Autodesk Shared\\;c:\\Program Files\\Microsoft SQL Server\\90\\Tools\\binn\\;C:\\Program Files\\Common Files\\Adobe\\AGL;C:\\Program Files\\TortoiseSVN\\bin;C:\\Program Files\\Skype\\Phone\\'
    'SystemRoot' => 'C:\\Windows'
    'COMSPEC' => 'C:\\Windows\\system32\\cmd.exe'
    'PATHEXT' => '.COM;.EXE;.BAT;.CMD;.VBS;.VBE;.JS;.JSE;.WSF;.WSH;.MSC'
    'WINDIR' => 'C:\\Windows'
    'SERVER_SIGNATURE' => '<address>Apache/2.4.17 (Win32) OpenSSL/1.0.2d PHP/5.5.30 Server at 91.246.250.91 Port 80</address>
'
    'SERVER_SOFTWARE' => 'Apache/2.4.17 (Win32) OpenSSL/1.0.2d PHP/5.5.30'
    'SERVER_NAME' => '91.246.250.91'
    'SERVER_ADDR' => '91.246.250.91'
    'SERVER_PORT' => '80'
    'REMOTE_ADDR' => '91.246.250.91'
    'DOCUMENT_ROOT' => 'C:/xampp/htdocs'
    'REQUEST_SCHEME' => 'http'
    'CONTEXT_PREFIX' => ''
    'CONTEXT_DOCUMENT_ROOT' => 'C:/xampp/htdocs'
    'SERVER_ADMIN' => 'postmaster@localhost'
    'SCRIPT_FILENAME' => 'C:/xampp/htdocs/basic/web/index.php'
    'REMOTE_PORT' => '1248'
    'GATEWAY_INTERFACE' => 'CGI/1.1'
    'SERVER_PROTOCOL' => 'HTTP/1.1'
    'REQUEST_METHOD' => 'GET'
    'QUERY_STRING' => 'r=site%2Findex'
    'REQUEST_URI' => '/basic/web/index.php?r=site%2Findex'
    'SCRIPT_NAME' => '/basic/web/index.php'
    'PHP_SELF' => '/basic/web/index.php'
    'REQUEST_TIME_FLOAT' => 1453564842.796
    'REQUEST_TIME' => 1453564842
]
2016-01-23 17:00:49 [91.246.250.91][-][-][warning][yii\debug\Module::checkAccess] Access to debugger is denied due to IP address restriction. The requesting IP address is 91.246.250.91
    in C:\xampp\htdocs\basic\views\layouts\main.php:42
    in C:\xampp\htdocs\basic\controllers\SiteController.php:52
2016-01-23 17:00:49 [91.246.250.91][-][-][info][application] $_COOKIE = [
    '_csrf' => 'ba63d660e956f3e7fa2345e21be67bebd225a7de3159d723bba4417e415efbafa:2:{i:0;s:5:\"_csrf\";i:1;s:32:\"FcztKP-v5oV-5qLsQ5yyJ1bIrBro3wAC\";}'
    'PHPSESSID' => 'v50qh9mi2gc77i6ej56sfj5ql1'
]

$_SERVER = [
    'MIBDIRS' => '/xampp/php/extras/mibs'
    'MYSQL_HOME' => '\\xampp\\mysql\\bin'
    'OPENSSL_CONF' => '/xampp/apache/bin/openssl.cnf'
    'PHP_PEAR_SYSCONF_DIR' => '\\xampp\\php'
    'PHPRC' => '\\xampp\\php'
    'TMP' => '\\xampp\\tmp'
    'HTTP_HOST' => '91.246.250.91'
    'HTTP_CONNECTION' => 'keep-alive'
    'HTTP_ACCEPT' => 'text/html,application/xhtml+xml,application/xml;q=0.9,image/webp,*/*;q=0.8'
    'HTTP_UPGRADE_INSECURE_REQUESTS' => '1'
    'HTTP_USER_AGENT' => 'Mozilla/5.0 (Windows NT 6.1) AppleWebKit/537.36 (KHTML, like Gecko) Chrome/47.0.2526.111 Safari/537.36'
    'HTTP_ACCEPT_ENCODING' => 'gzip, deflate, sdch'
    'HTTP_ACCEPT_LANGUAGE' => 'ru-RU,ru;q=0.8,en-US;q=0.6,en;q=0.4,uk;q=0.2'
    'HTTP_COOKIE' => '_csrf=ba63d660e956f3e7fa2345e21be67bebd225a7de3159d723bba4417e415efbafa%3A2%3A%7Bi%3A0%3Bs%3A5%3A%22_csrf%22%3Bi%3A1%3Bs%3A32%3A%22FcztKP-v5oV-5qLsQ5yyJ1bIrBro3wAC%22%3B%7D; PHPSESSID=v50qh9mi2gc77i6ej56sfj5ql1'
    'PATH' => 'C:\\Program Files\\Google\\Chrome\\Application;C:\\Windows\\system32;C:\\Windows;C:\\Windows\\System32\\Wbem;C:\\Windows\\System32\\WindowsPowerShell\\v1.0\\;C:\\Program Files\\Intel\\OpenCL SDK\\3.0\\bin\\x86ЖC:\\Program Files\\Java\\jdk1.8.0_05\\bin;C:\\Program Files\\QuickTime\\QTSystem\\;C:\\Program Files\\OpenVPN\\bin;C:\\Program Files\\Autodesk\\Backburner\\;C:\\Program Files\\Common Files\\Autodesk Shared\\;c:\\Program Files\\Microsoft SQL Server\\90\\Tools\\binn\\;C:\\Program Files\\Common Files\\Adobe\\AGL;C:\\Program Files\\TortoiseSVN\\bin;C:\\Program Files\\Skype\\Phone\\'
    'SystemRoot' => 'C:\\Windows'
    'COMSPEC' => 'C:\\Windows\\system32\\cmd.exe'
    'PATHEXT' => '.COM;.EXE;.BAT;.CMD;.VBS;.VBE;.JS;.JSE;.WSF;.WSH;.MSC'
    'WINDIR' => 'C:\\Windows'
    'SERVER_SIGNATURE' => '<address>Apache/2.4.17 (Win32) OpenSSL/1.0.2d PHP/5.5.30 Server at 91.246.250.91 Port 80</address>
'
    'SERVER_SOFTWARE' => 'Apache/2.4.17 (Win32) OpenSSL/1.0.2d PHP/5.5.30'
    'SERVER_NAME' => '91.246.250.91'
    'SERVER_ADDR' => '91.246.250.91'
    'SERVER_PORT' => '80'
    'REMOTE_ADDR' => '91.246.250.91'
    'DOCUMENT_ROOT' => 'C:/xampp/htdocs'
    'REQUEST_SCHEME' => 'http'
    'CONTEXT_PREFIX' => ''
    'CONTEXT_DOCUMENT_ROOT' => 'C:/xampp/htdocs'
    'SERVER_ADMIN' => 'postmaster@localhost'
    'SCRIPT_FILENAME' => 'C:/xampp/htdocs/basic/web/index.php'
    'REMOTE_PORT' => '1249'
    'GATEWAY_INTERFACE' => 'CGI/1.1'
    'SERVER_PROTOCOL' => 'HTTP/1.1'
    'REQUEST_METHOD' => 'GET'
    'QUERY_STRING' => ''
    'REQUEST_URI' => '/basic/web/'
    'SCRIPT_NAME' => '/basic/web/index.php'
    'PHP_SELF' => '/basic/web/index.php'
    'REQUEST_TIME_FLOAT' => 1453564849.142
    'REQUEST_TIME' => 1453564849
]
2016-01-23 17:00:55 [91.246.250.91][-][-][warning][yii\debug\Module::checkAccess] Access to debugger is denied due to IP address restriction. The requesting IP address is 91.246.250.91
    in C:\xampp\htdocs\basic\views\layouts\main.php:42
    in C:\xampp\htdocs\basic\controllers\SiteController.php:87
2016-01-23 17:00:55 [91.246.250.91][-][-][info][application] $_GET = [
    'r' => 'site/contact'
]

$_COOKIE = [
    '_csrf' => 'ba63d660e956f3e7fa2345e21be67bebd225a7de3159d723bba4417e415efbafa:2:{i:0;s:5:\"_csrf\";i:1;s:32:\"FcztKP-v5oV-5qLsQ5yyJ1bIrBro3wAC\";}'
    'PHPSESSID' => 'v50qh9mi2gc77i6ej56sfj5ql1'
]

$_SESSION = [
    '__flash' => []
    '__captcha/site/captcha' => 'bajnmip'
    '__captcha/site/captchacount' => 1
]

$_SERVER = [
    'MIBDIRS' => '/xampp/php/extras/mibs'
    'MYSQL_HOME' => '\\xampp\\mysql\\bin'
    'OPENSSL_CONF' => '/xampp/apache/bin/openssl.cnf'
    'PHP_PEAR_SYSCONF_DIR' => '\\xampp\\php'
    'PHPRC' => '\\xampp\\php'
    'TMP' => '\\xampp\\tmp'
    'HTTP_HOST' => '91.246.250.91'
    'HTTP_CONNECTION' => 'keep-alive'
    'HTTP_ACCEPT' => 'text/html,application/xhtml+xml,application/xml;q=0.9,image/webp,*/*;q=0.8'
    'HTTP_UPGRADE_INSECURE_REQUESTS' => '1'
    'HTTP_USER_AGENT' => 'Mozilla/5.0 (Windows NT 6.1) AppleWebKit/537.36 (KHTML, like Gecko) Chrome/47.0.2526.111 Safari/537.36'
    'HTTP_REFERER' => 'http://91.246.250.91/basic/web/index.php'
    'HTTP_ACCEPT_ENCODING' => 'gzip, deflate, sdch'
    'HTTP_ACCEPT_LANGUAGE' => 'ru-RU,ru;q=0.8,en-US;q=0.6,en;q=0.4,uk;q=0.2'
    'HTTP_COOKIE' => '_csrf=ba63d660e956f3e7fa2345e21be67bebd225a7de3159d723bba4417e415efbafa%3A2%3A%7Bi%3A0%3Bs%3A5%3A%22_csrf%22%3Bi%3A1%3Bs%3A32%3A%22FcztKP-v5oV-5qLsQ5yyJ1bIrBro3wAC%22%3B%7D; PHPSESSID=v50qh9mi2gc77i6ej56sfj5ql1'
    'PATH' => 'C:\\Program Files\\Google\\Chrome\\Application;C:\\Windows\\system32;C:\\Windows;C:\\Windows\\System32\\Wbem;C:\\Windows\\System32\\WindowsPowerShell\\v1.0\\;C:\\Program Files\\Intel\\OpenCL SDK\\3.0\\bin\\x86ЖC:\\Program Files\\Java\\jdk1.8.0_05\\bin;C:\\Program Files\\QuickTime\\QTSystem\\;C:\\Program Files\\OpenVPN\\bin;C:\\Program Files\\Autodesk\\Backburner\\;C:\\Program Files\\Common Files\\Autodesk Shared\\;c:\\Program Files\\Microsoft SQL Server\\90\\Tools\\binn\\;C:\\Program Files\\Common Files\\Adobe\\AGL;C:\\Program Files\\TortoiseSVN\\bin;C:\\Program Files\\Skype\\Phone\\'
    'SystemRoot' => 'C:\\Windows'
    'COMSPEC' => 'C:\\Windows\\system32\\cmd.exe'
    'PATHEXT' => '.COM;.EXE;.BAT;.CMD;.VBS;.VBE;.JS;.JSE;.WSF;.WSH;.MSC'
    'WINDIR' => 'C:\\Windows'
    'SERVER_SIGNATURE' => '<address>Apache/2.4.17 (Win32) OpenSSL/1.0.2d PHP/5.5.30 Server at 91.246.250.91 Port 80</address>
'
    'SERVER_SOFTWARE' => 'Apache/2.4.17 (Win32) OpenSSL/1.0.2d PHP/5.5.30'
    'SERVER_NAME' => '91.246.250.91'
    'SERVER_ADDR' => '91.246.250.91'
    'SERVER_PORT' => '80'
    'REMOTE_ADDR' => '91.246.250.91'
    'DOCUMENT_ROOT' => 'C:/xampp/htdocs'
    'REQUEST_SCHEME' => 'http'
    'CONTEXT_PREFIX' => ''
    'CONTEXT_DOCUMENT_ROOT' => 'C:/xampp/htdocs'
    'SERVER_ADMIN' => 'postmaster@localhost'
    'SCRIPT_FILENAME' => 'C:/xampp/htdocs/basic/web/index.php'
    'REMOTE_PORT' => '1262'
    'GATEWAY_INTERFACE' => 'CGI/1.1'
    'SERVER_PROTOCOL' => 'HTTP/1.1'
    'REQUEST_METHOD' => 'GET'
    'QUERY_STRING' => 'r=site%2Fcontact'
    'REQUEST_URI' => '/basic/web/index.php?r=site%2Fcontact'
    'SCRIPT_NAME' => '/basic/web/index.php'
    'PHP_SELF' => '/basic/web/index.php'
    'REQUEST_TIME_FLOAT' => 1453564855.65
    'REQUEST_TIME' => 1453564855
]
2016-01-23 17:00:58 [91.246.250.91][-][-][warning][yii\debug\Module::checkAccess] Access to debugger is denied due to IP address restriction. The requesting IP address is 91.246.250.91
    in C:\xampp\htdocs\basic\views\layouts\main.php:42
    in C:\xampp\htdocs\basic\controllers\SiteController.php:52
2016-01-23 17:00:58 [91.246.250.91][-][-][info][application] $_COOKIE = [
    '_csrf' => 'ba63d660e956f3e7fa2345e21be67bebd225a7de3159d723bba4417e415efbafa:2:{i:0;s:5:\"_csrf\";i:1;s:32:\"FcztKP-v5oV-5qLsQ5yyJ1bIrBro3wAC\";}'
    'PHPSESSID' => 'v50qh9mi2gc77i6ej56sfj5ql1'
]

$_SERVER = [
    'MIBDIRS' => '/xampp/php/extras/mibs'
    'MYSQL_HOME' => '\\xampp\\mysql\\bin'
    'OPENSSL_CONF' => '/xampp/apache/bin/openssl.cnf'
    'PHP_PEAR_SYSCONF_DIR' => '\\xampp\\php'
    'PHPRC' => '\\xampp\\php'
    'TMP' => '\\xampp\\tmp'
    'HTTP_HOST' => '91.246.250.91'
    'HTTP_CONNECTION' => 'keep-alive'
    'HTTP_ACCEPT' => 'text/html,application/xhtml+xml,application/xml;q=0.9,image/webp,*/*;q=0.8'
    'HTTP_UPGRADE_INSECURE_REQUESTS' => '1'
    'HTTP_USER_AGENT' => 'Mozilla/5.0 (Windows NT 6.1) AppleWebKit/537.36 (KHTML, like Gecko) Chrome/47.0.2526.111 Safari/537.36'
    'HTTP_REFERER' => 'http://91.246.250.91/basic/web/index.php?r=site%2Fcontact'
    'HTTP_ACCEPT_ENCODING' => 'gzip, deflate, sdch'
    'HTTP_ACCEPT_LANGUAGE' => 'ru-RU,ru;q=0.8,en-US;q=0.6,en;q=0.4,uk;q=0.2'
    'HTTP_COOKIE' => '_csrf=ba63d660e956f3e7fa2345e21be67bebd225a7de3159d723bba4417e415efbafa%3A2%3A%7Bi%3A0%3Bs%3A5%3A%22_csrf%22%3Bi%3A1%3Bs%3A32%3A%22FcztKP-v5oV-5qLsQ5yyJ1bIrBro3wAC%22%3B%7D; PHPSESSID=v50qh9mi2gc77i6ej56sfj5ql1'
    'PATH' => 'C:\\Program Files\\Google\\Chrome\\Application;C:\\Windows\\system32;C:\\Windows;C:\\Windows\\System32\\Wbem;C:\\Windows\\System32\\WindowsPowerShell\\v1.0\\;C:\\Program Files\\Intel\\OpenCL SDK\\3.0\\bin\\x86ЖC:\\Program Files\\Java\\jdk1.8.0_05\\bin;C:\\Program Files\\QuickTime\\QTSystem\\;C:\\Program Files\\OpenVPN\\bin;C:\\Program Files\\Autodesk\\Backburner\\;C:\\Program Files\\Common Files\\Autodesk Shared\\;c:\\Program Files\\Microsoft SQL Server\\90\\Tools\\binn\\;C:\\Program Files\\Common Files\\Adobe\\AGL;C:\\Program Files\\TortoiseSVN\\bin;C:\\Program Files\\Skype\\Phone\\'
    'SystemRoot' => 'C:\\Windows'
    'COMSPEC' => 'C:\\Windows\\system32\\cmd.exe'
    'PATHEXT' => '.COM;.EXE;.BAT;.CMD;.VBS;.VBE;.JS;.JSE;.WSF;.WSH;.MSC'
    'WINDIR' => 'C:\\Windows'
    'SERVER_SIGNATURE' => '<address>Apache/2.4.17 (Win32) OpenSSL/1.0.2d PHP/5.5.30 Server at 91.246.250.91 Port 80</address>
'
    'SERVER_SOFTWARE' => 'Apache/2.4.17 (Win32) OpenSSL/1.0.2d PHP/5.5.30'
    'SERVER_NAME' => '91.246.250.91'
    'SERVER_ADDR' => '91.246.250.91'
    'SERVER_PORT' => '80'
    'REMOTE_ADDR' => '91.246.250.91'
    'DOCUMENT_ROOT' => 'C:/xampp/htdocs'
    'REQUEST_SCHEME' => 'http'
    'CONTEXT_PREFIX' => ''
    'CONTEXT_DOCUMENT_ROOT' => 'C:/xampp/htdocs'
    'SERVER_ADMIN' => 'postmaster@localhost'
    'SCRIPT_FILENAME' => 'C:/xampp/htdocs/basic/web/index.php'
    'REMOTE_PORT' => '1262'
    'GATEWAY_INTERFACE' => 'CGI/1.1'
    'SERVER_PROTOCOL' => 'HTTP/1.1'
    'REQUEST_METHOD' => 'GET'
    'QUERY_STRING' => ''
    'REQUEST_URI' => '/basic/web/index.php'
    'SCRIPT_NAME' => '/basic/web/index.php'
    'PHP_SELF' => '/basic/web/index.php'
    'REQUEST_TIME_FLOAT' => 1453564858.33
    'REQUEST_TIME' => 1453564858
]
2016-01-23 17:01:00 [91.246.250.91][-][-][warning][yii\debug\Module::checkAccess] Access to debugger is denied due to IP address restriction. The requesting IP address is 91.246.250.91
    in C:\xampp\htdocs\basic\views\layouts\main.php:42
    in C:\xampp\htdocs\basic\controllers\SiteController.php:87
2016-01-23 17:01:00 [91.246.250.91][-][-][info][application] $_GET = [
    'r' => 'site/contact'
]

$_COOKIE = [
    '_csrf' => 'ba63d660e956f3e7fa2345e21be67bebd225a7de3159d723bba4417e415efbafa:2:{i:0;s:5:\"_csrf\";i:1;s:32:\"FcztKP-v5oV-5qLsQ5yyJ1bIrBro3wAC\";}'
    'PHPSESSID' => 'v50qh9mi2gc77i6ej56sfj5ql1'
]

$_SESSION = [
    '__flash' => []
    '__captcha/site/captcha' => 'bajnmip'
    '__captcha/site/captchacount' => 1
]

$_SERVER = [
    'MIBDIRS' => '/xampp/php/extras/mibs'
    'MYSQL_HOME' => '\\xampp\\mysql\\bin'
    'OPENSSL_CONF' => '/xampp/apache/bin/openssl.cnf'
    'PHP_PEAR_SYSCONF_DIR' => '\\xampp\\php'
    'PHPRC' => '\\xampp\\php'
    'TMP' => '\\xampp\\tmp'
    'HTTP_HOST' => '91.246.250.91'
    'HTTP_CONNECTION' => 'keep-alive'
    'HTTP_ACCEPT' => 'text/html,application/xhtml+xml,application/xml;q=0.9,image/webp,*/*;q=0.8'
    'HTTP_UPGRADE_INSECURE_REQUESTS' => '1'
    'HTTP_USER_AGENT' => 'Mozilla/5.0 (Windows NT 6.1) AppleWebKit/537.36 (KHTML, like Gecko) Chrome/47.0.2526.111 Safari/537.36'
    'HTTP_REFERER' => 'http://91.246.250.91/basic/web/index.php'
    'HTTP_ACCEPT_ENCODING' => 'gzip, deflate, sdch'
    'HTTP_ACCEPT_LANGUAGE' => 'ru-RU,ru;q=0.8,en-US;q=0.6,en;q=0.4,uk;q=0.2'
    'HTTP_COOKIE' => '_csrf=ba63d660e956f3e7fa2345e21be67bebd225a7de3159d723bba4417e415efbafa%3A2%3A%7Bi%3A0%3Bs%3A5%3A%22_csrf%22%3Bi%3A1%3Bs%3A32%3A%22FcztKP-v5oV-5qLsQ5yyJ1bIrBro3wAC%22%3B%7D; PHPSESSID=v50qh9mi2gc77i6ej56sfj5ql1'
    'PATH' => 'C:\\Program Files\\Google\\Chrome\\Application;C:\\Windows\\system32;C:\\Windows;C:\\Windows\\System32\\Wbem;C:\\Windows\\System32\\WindowsPowerShell\\v1.0\\;C:\\Program Files\\Intel\\OpenCL SDK\\3.0\\bin\\x86ЖC:\\Program Files\\Java\\jdk1.8.0_05\\bin;C:\\Program Files\\QuickTime\\QTSystem\\;C:\\Program Files\\OpenVPN\\bin;C:\\Program Files\\Autodesk\\Backburner\\;C:\\Program Files\\Common Files\\Autodesk Shared\\;c:\\Program Files\\Microsoft SQL Server\\90\\Tools\\binn\\;C:\\Program Files\\Common Files\\Adobe\\AGL;C:\\Program Files\\TortoiseSVN\\bin;C:\\Program Files\\Skype\\Phone\\'
    'SystemRoot' => 'C:\\Windows'
    'COMSPEC' => 'C:\\Windows\\system32\\cmd.exe'
    'PATHEXT' => '.COM;.EXE;.BAT;.CMD;.VBS;.VBE;.JS;.JSE;.WSF;.WSH;.MSC'
    'WINDIR' => 'C:\\Windows'
    'SERVER_SIGNATURE' => '<address>Apache/2.4.17 (Win32) OpenSSL/1.0.2d PHP/5.5.30 Server at 91.246.250.91 Port 80</address>
'
    'SERVER_SOFTWARE' => 'Apache/2.4.17 (Win32) OpenSSL/1.0.2d PHP/5.5.30'
    'SERVER_NAME' => '91.246.250.91'
    'SERVER_ADDR' => '91.246.250.91'
    'SERVER_PORT' => '80'
    'REMOTE_ADDR' => '91.246.250.91'
    'DOCUMENT_ROOT' => 'C:/xampp/htdocs'
    'REQUEST_SCHEME' => 'http'
    'CONTEXT_PREFIX' => ''
    'CONTEXT_DOCUMENT_ROOT' => 'C:/xampp/htdocs'
    'SERVER_ADMIN' => 'postmaster@localhost'
    'SCRIPT_FILENAME' => 'C:/xampp/htdocs/basic/web/index.php'
    'REMOTE_PORT' => '1262'
    'GATEWAY_INTERFACE' => 'CGI/1.1'
    'SERVER_PROTOCOL' => 'HTTP/1.1'
    'REQUEST_METHOD' => 'GET'
    'QUERY_STRING' => 'r=site%2Fcontact'
    'REQUEST_URI' => '/basic/web/index.php?r=site%2Fcontact'
    'SCRIPT_NAME' => '/basic/web/index.php'
    'PHP_SELF' => '/basic/web/index.php'
    'REQUEST_TIME_FLOAT' => 1453564860.829
    'REQUEST_TIME' => 1453564860
]
2016-01-23 17:01:34 [91.246.250.91][-][-][warning][yii\debug\Module::checkAccess] Access to debugger is denied due to IP address restriction. The requesting IP address is 91.246.250.91
    in C:\xampp\htdocs\basic\views\layouts\main.php:42
    in C:\xampp\htdocs\basic\controllers\SiteController.php:87
2016-01-23 17:01:34 [91.246.250.91][-][-][info][application] $_GET = [
    'r' => 'site/contact'
]

$_COOKIE = [
    '_csrf' => 'ba63d660e956f3e7fa2345e21be67bebd225a7de3159d723bba4417e415efbafa:2:{i:0;s:5:\"_csrf\";i:1;s:32:\"FcztKP-v5oV-5qLsQ5yyJ1bIrBro3wAC\";}'
    'PHPSESSID' => 'v50qh9mi2gc77i6ej56sfj5ql1'
]

$_SESSION = [
    '__flash' => []
    '__captcha/site/captcha' => 'bajnmip'
    '__captcha/site/captchacount' => 1
]

$_SERVER = [
    'MIBDIRS' => '/xampp/php/extras/mibs'
    'MYSQL_HOME' => '\\xampp\\mysql\\bin'
    'OPENSSL_CONF' => '/xampp/apache/bin/openssl.cnf'
    'PHP_PEAR_SYSCONF_DIR' => '\\xampp\\php'
    'PHPRC' => '\\xampp\\php'
    'TMP' => '\\xampp\\tmp'
    'HTTP_HOST' => '91.246.250.91'
    'HTTP_CONNECTION' => 'keep-alive'
    'HTTP_ACCEPT' => 'text/html,application/xhtml+xml,application/xml;q=0.9,image/webp,*/*;q=0.8'
    'HTTP_UPGRADE_INSECURE_REQUESTS' => '1'
    'HTTP_USER_AGENT' => 'Mozilla/5.0 (Windows NT 6.1) AppleWebKit/537.36 (KHTML, like Gecko) Chrome/47.0.2526.111 Safari/537.36'
    'HTTP_REFERER' => 'http://91.246.250.91/basic/web/index.php'
    'HTTP_ACCEPT_ENCODING' => 'gzip, deflate, sdch'
    'HTTP_ACCEPT_LANGUAGE' => 'ru-RU,ru;q=0.8,en-US;q=0.6,en;q=0.4,uk;q=0.2'
    'HTTP_COOKIE' => '_csrf=ba63d660e956f3e7fa2345e21be67bebd225a7de3159d723bba4417e415efbafa%3A2%3A%7Bi%3A0%3Bs%3A5%3A%22_csrf%22%3Bi%3A1%3Bs%3A32%3A%22FcztKP-v5oV-5qLsQ5yyJ1bIrBro3wAC%22%3B%7D; PHPSESSID=v50qh9mi2gc77i6ej56sfj5ql1'
    'PATH' => 'C:\\Program Files\\Google\\Chrome\\Application;C:\\Windows\\system32;C:\\Windows;C:\\Windows\\System32\\Wbem;C:\\Windows\\System32\\WindowsPowerShell\\v1.0\\;C:\\Program Files\\Intel\\OpenCL SDK\\3.0\\bin\\x86ЖC:\\Program Files\\Java\\jdk1.8.0_05\\bin;C:\\Program Files\\QuickTime\\QTSystem\\;C:\\Program Files\\OpenVPN\\bin;C:\\Program Files\\Autodesk\\Backburner\\;C:\\Program Files\\Common Files\\Autodesk Shared\\;c:\\Program Files\\Microsoft SQL Server\\90\\Tools\\binn\\;C:\\Program Files\\Common Files\\Adobe\\AGL;C:\\Program Files\\TortoiseSVN\\bin;C:\\Program Files\\Skype\\Phone\\'
    'SystemRoot' => 'C:\\Windows'
    'COMSPEC' => 'C:\\Windows\\system32\\cmd.exe'
    'PATHEXT' => '.COM;.EXE;.BAT;.CMD;.VBS;.VBE;.JS;.JSE;.WSF;.WSH;.MSC'
    'WINDIR' => 'C:\\Windows'
    'SERVER_SIGNATURE' => '<address>Apache/2.4.17 (Win32) OpenSSL/1.0.2d PHP/5.5.30 Server at 91.246.250.91 Port 80</address>
'
    'SERVER_SOFTWARE' => 'Apache/2.4.17 (Win32) OpenSSL/1.0.2d PHP/5.5.30'
    'SERVER_NAME' => '91.246.250.91'
    'SERVER_ADDR' => '91.246.250.91'
    'SERVER_PORT' => '80'
    'REMOTE_ADDR' => '91.246.250.91'
    'DOCUMENT_ROOT' => 'C:/xampp/htdocs'
    'REQUEST_SCHEME' => 'http'
    'CONTEXT_PREFIX' => ''
    'CONTEXT_DOCUMENT_ROOT' => 'C:/xampp/htdocs'
    'SERVER_ADMIN' => 'postmaster@localhost'
    'SCRIPT_FILENAME' => 'C:/xampp/htdocs/basic/web/index.php'
    'REMOTE_PORT' => '1288'
    'GATEWAY_INTERFACE' => 'CGI/1.1'
    'SERVER_PROTOCOL' => 'HTTP/1.1'
    'REQUEST_METHOD' => 'GET'
    'QUERY_STRING' => 'r=site%2Fcontact'
    'REQUEST_URI' => '/basic/web/index.php?r=site%2Fcontact'
    'SCRIPT_NAME' => '/basic/web/index.php'
    'PHP_SELF' => '/basic/web/index.php'
    'REQUEST_TIME_FLOAT' => 1453564894.56
    'REQUEST_TIME' => 1453564894
]
2016-01-23 17:01:38 [91.246.250.91][-][-][warning][yii\debug\Module::checkAccess] Access to debugger is denied due to IP address restriction. The requesting IP address is 91.246.250.91
    in C:\xampp\htdocs\basic\views\layouts\main.php:42
    in C:\xampp\htdocs\basic\controllers\SiteController.php:97
2016-01-23 17:01:38 [91.246.250.91][-][-][info][application] $_GET = [
    'r' => 'site/bigstirka'
]

$_COOKIE = [
    '_csrf' => 'ba63d660e956f3e7fa2345e21be67bebd225a7de3159d723bba4417e415efbafa:2:{i:0;s:5:\"_csrf\";i:1;s:32:\"FcztKP-v5oV-5qLsQ5yyJ1bIrBro3wAC\";}'
    'PHPSESSID' => 'v50qh9mi2gc77i6ej56sfj5ql1'
]

$_SERVER = [
    'MIBDIRS' => '/xampp/php/extras/mibs'
    'MYSQL_HOME' => '\\xampp\\mysql\\bin'
    'OPENSSL_CONF' => '/xampp/apache/bin/openssl.cnf'
    'PHP_PEAR_SYSCONF_DIR' => '\\xampp\\php'
    'PHPRC' => '\\xampp\\php'
    'TMP' => '\\xampp\\tmp'
    'HTTP_HOST' => '91.246.250.91'
    'HTTP_CONNECTION' => 'keep-alive'
    'HTTP_ACCEPT' => 'text/html,application/xhtml+xml,application/xml;q=0.9,image/webp,*/*;q=0.8'
    'HTTP_UPGRADE_INSECURE_REQUESTS' => '1'
    'HTTP_USER_AGENT' => 'Mozilla/5.0 (Windows NT 6.1) AppleWebKit/537.36 (KHTML, like Gecko) Chrome/47.0.2526.111 Safari/537.36'
    'HTTP_ACCEPT_ENCODING' => 'gzip, deflate, sdch'
    'HTTP_ACCEPT_LANGUAGE' => 'ru-RU,ru;q=0.8,en-US;q=0.6,en;q=0.4,uk;q=0.2'
    'HTTP_COOKIE' => '_csrf=ba63d660e956f3e7fa2345e21be67bebd225a7de3159d723bba4417e415efbafa%3A2%3A%7Bi%3A0%3Bs%3A5%3A%22_csrf%22%3Bi%3A1%3Bs%3A32%3A%22FcztKP-v5oV-5qLsQ5yyJ1bIrBro3wAC%22%3B%7D; PHPSESSID=v50qh9mi2gc77i6ej56sfj5ql1'
    'PATH' => 'C:\\Program Files\\Google\\Chrome\\Application;C:\\Windows\\system32;C:\\Windows;C:\\Windows\\System32\\Wbem;C:\\Windows\\System32\\WindowsPowerShell\\v1.0\\;C:\\Program Files\\Intel\\OpenCL SDK\\3.0\\bin\\x86ЖC:\\Program Files\\Java\\jdk1.8.0_05\\bin;C:\\Program Files\\QuickTime\\QTSystem\\;C:\\Program Files\\OpenVPN\\bin;C:\\Program Files\\Autodesk\\Backburner\\;C:\\Program Files\\Common Files\\Autodesk Shared\\;c:\\Program Files\\Microsoft SQL Server\\90\\Tools\\binn\\;C:\\Program Files\\Common Files\\Adobe\\AGL;C:\\Program Files\\TortoiseSVN\\bin;C:\\Program Files\\Skype\\Phone\\'
    'SystemRoot' => 'C:\\Windows'
    'COMSPEC' => 'C:\\Windows\\system32\\cmd.exe'
    'PATHEXT' => '.COM;.EXE;.BAT;.CMD;.VBS;.VBE;.JS;.JSE;.WSF;.WSH;.MSC'
    'WINDIR' => 'C:\\Windows'
    'SERVER_SIGNATURE' => '<address>Apache/2.4.17 (Win32) OpenSSL/1.0.2d PHP/5.5.30 Server at 91.246.250.91 Port 80</address>
'
    'SERVER_SOFTWARE' => 'Apache/2.4.17 (Win32) OpenSSL/1.0.2d PHP/5.5.30'
    'SERVER_NAME' => '91.246.250.91'
    'SERVER_ADDR' => '91.246.250.91'
    'SERVER_PORT' => '80'
    'REMOTE_ADDR' => '91.246.250.91'
    'DOCUMENT_ROOT' => 'C:/xampp/htdocs'
    'REQUEST_SCHEME' => 'http'
    'CONTEXT_PREFIX' => ''
    'CONTEXT_DOCUMENT_ROOT' => 'C:/xampp/htdocs'
    'SERVER_ADMIN' => 'postmaster@localhost'
    'SCRIPT_FILENAME' => 'C:/xampp/htdocs/basic/web/index.php'
    'REMOTE_PORT' => '1288'
    'GATEWAY_INTERFACE' => 'CGI/1.1'
    'SERVER_PROTOCOL' => 'HTTP/1.1'
    'REQUEST_METHOD' => 'GET'
    'QUERY_STRING' => 'r=site%2Fbigstirka'
    'REQUEST_URI' => '/basic/web/index.php?r=site%2Fbigstirka'
    'SCRIPT_NAME' => '/basic/web/index.php'
    'PHP_SELF' => '/basic/web/index.php'
    'REQUEST_TIME_FLOAT' => 1453564898.395
    'REQUEST_TIME' => 1453564898
]
2016-01-23 17:02:15 [91.246.250.91][-][-][warning][yii\debug\Module::checkAccess] Access to debugger is denied due to IP address restriction. The requesting IP address is 91.246.250.91
    in C:\xampp\htdocs\basic\views\layouts\main.php:70
    in C:\xampp\htdocs\basic\controllers\SiteController.php:97
2016-01-23 17:02:15 [91.246.250.91][-][-][info][application] $_GET = [
    'r' => 'site/bigstirka'
]

$_COOKIE = [
    '_csrf' => 'ba63d660e956f3e7fa2345e21be67bebd225a7de3159d723bba4417e415efbafa:2:{i:0;s:5:\"_csrf\";i:1;s:32:\"FcztKP-v5oV-5qLsQ5yyJ1bIrBro3wAC\";}'
    'PHPSESSID' => 'v50qh9mi2gc77i6ej56sfj5ql1'
]

$_SESSION = [
    '__flash' => []
    '__captcha/site/captcha' => 'bajnmip'
    '__captcha/site/captchacount' => 1
]

$_SERVER = [
    'MIBDIRS' => '/xampp/php/extras/mibs'
    'MYSQL_HOME' => '\\xampp\\mysql\\bin'
    'OPENSSL_CONF' => '/xampp/apache/bin/openssl.cnf'
    'PHP_PEAR_SYSCONF_DIR' => '\\xampp\\php'
    'PHPRC' => '\\xampp\\php'
    'TMP' => '\\xampp\\tmp'
    'HTTP_HOST' => '91.246.250.91'
    'HTTP_CONNECTION' => 'keep-alive'
    'HTTP_CACHE_CONTROL' => 'max-age=0'
    'HTTP_ACCEPT' => 'text/html,application/xhtml+xml,application/xml;q=0.9,image/webp,*/*;q=0.8'
    'HTTP_UPGRADE_INSECURE_REQUESTS' => '1'
    'HTTP_USER_AGENT' => 'Mozilla/5.0 (Windows NT 6.1) AppleWebKit/537.36 (KHTML, like Gecko) Chrome/47.0.2526.111 Safari/537.36'
    'HTTP_ACCEPT_ENCODING' => 'gzip, deflate, sdch'
    'HTTP_ACCEPT_LANGUAGE' => 'ru-RU,ru;q=0.8,en-US;q=0.6,en;q=0.4,uk;q=0.2'
    'HTTP_COOKIE' => '_csrf=ba63d660e956f3e7fa2345e21be67bebd225a7de3159d723bba4417e415efbafa%3A2%3A%7Bi%3A0%3Bs%3A5%3A%22_csrf%22%3Bi%3A1%3Bs%3A32%3A%22FcztKP-v5oV-5qLsQ5yyJ1bIrBro3wAC%22%3B%7D; PHPSESSID=v50qh9mi2gc77i6ej56sfj5ql1'
    'PATH' => 'C:\\Program Files\\Google\\Chrome\\Application;C:\\Windows\\system32;C:\\Windows;C:\\Windows\\System32\\Wbem;C:\\Windows\\System32\\WindowsPowerShell\\v1.0\\;C:\\Program Files\\Intel\\OpenCL SDK\\3.0\\bin\\x86ЖC:\\Program Files\\Java\\jdk1.8.0_05\\bin;C:\\Program Files\\QuickTime\\QTSystem\\;C:\\Program Files\\OpenVPN\\bin;C:\\Program Files\\Autodesk\\Backburner\\;C:\\Program Files\\Common Files\\Autodesk Shared\\;c:\\Program Files\\Microsoft SQL Server\\90\\Tools\\binn\\;C:\\Program Files\\Common Files\\Adobe\\AGL;C:\\Program Files\\TortoiseSVN\\bin;C:\\Program Files\\Skype\\Phone\\'
    'SystemRoot' => 'C:\\Windows'
    'COMSPEC' => 'C:\\Windows\\system32\\cmd.exe'
    'PATHEXT' => '.COM;.EXE;.BAT;.CMD;.VBS;.VBE;.JS;.JSE;.WSF;.WSH;.MSC'
    'WINDIR' => 'C:\\Windows'
    'SERVER_SIGNATURE' => '<address>Apache/2.4.17 (Win32) OpenSSL/1.0.2d PHP/5.5.30 Server at 91.246.250.91 Port 80</address>
'
    'SERVER_SOFTWARE' => 'Apache/2.4.17 (Win32) OpenSSL/1.0.2d PHP/5.5.30'
    'SERVER_NAME' => '91.246.250.91'
    'SERVER_ADDR' => '91.246.250.91'
    'SERVER_PORT' => '80'
    'REMOTE_ADDR' => '91.246.250.91'
    'DOCUMENT_ROOT' => 'C:/xampp/htdocs'
    'REQUEST_SCHEME' => 'http'
    'CONTEXT_PREFIX' => ''
    'CONTEXT_DOCUMENT_ROOT' => 'C:/xampp/htdocs'
    'SERVER_ADMIN' => 'postmaster@localhost'
    'SCRIPT_FILENAME' => 'C:/xampp/htdocs/basic/web/index.php'
    'REMOTE_PORT' => '1309'
    'GATEWAY_INTERFACE' => 'CGI/1.1'
    'SERVER_PROTOCOL' => 'HTTP/1.1'
    'REQUEST_METHOD' => 'GET'
    'QUERY_STRING' => 'r=site%2Fbigstirka'
    'REQUEST_URI' => '/basic/web/index.php?r=site%2Fbigstirka'
    'SCRIPT_NAME' => '/basic/web/index.php'
    'PHP_SELF' => '/basic/web/index.php'
    'REQUEST_TIME_FLOAT' => 1453564935.577
    'REQUEST_TIME' => 1453564935
]
2016-01-23 17:02:35 [91.246.250.91][-][-][warning][yii\debug\Module::checkAccess] Access to debugger is denied due to IP address restriction. The requesting IP address is 91.246.250.91
    in C:\xampp\htdocs\basic\views\layouts\main.php:70
    in C:\xampp\htdocs\basic\controllers\SiteController.php:97
2016-01-23 17:02:35 [91.246.250.91][-][-][info][application] $_GET = [
    'r' => 'site/bigstirka'
]

$_COOKIE = [
    '_csrf' => 'ba63d660e956f3e7fa2345e21be67bebd225a7de3159d723bba4417e415efbafa:2:{i:0;s:5:\"_csrf\";i:1;s:32:\"FcztKP-v5oV-5qLsQ5yyJ1bIrBro3wAC\";}'
    'PHPSESSID' => 'v50qh9mi2gc77i6ej56sfj5ql1'
]

$_SESSION = [
    '__flash' => []
    '__captcha/site/captcha' => 'bajnmip'
    '__captcha/site/captchacount' => 1
]

$_SERVER = [
    'MIBDIRS' => '/xampp/php/extras/mibs'
    'MYSQL_HOME' => '\\xampp\\mysql\\bin'
    'OPENSSL_CONF' => '/xampp/apache/bin/openssl.cnf'
    'PHP_PEAR_SYSCONF_DIR' => '\\xampp\\php'
    'PHPRC' => '\\xampp\\php'
    'TMP' => '\\xampp\\tmp'
    'HTTP_HOST' => '91.246.250.91'
    'HTTP_CONNECTION' => 'keep-alive'
    'HTTP_CACHE_CONTROL' => 'max-age=0'
    'HTTP_ACCEPT' => 'text/html,application/xhtml+xml,application/xml;q=0.9,image/webp,*/*;q=0.8'
    'HTTP_UPGRADE_INSECURE_REQUESTS' => '1'
    'HTTP_USER_AGENT' => 'Mozilla/5.0 (Windows NT 6.1) AppleWebKit/537.36 (KHTML, like Gecko) Chrome/47.0.2526.111 Safari/537.36'
    'HTTP_ACCEPT_ENCODING' => 'gzip, deflate, sdch'
    'HTTP_ACCEPT_LANGUAGE' => 'ru-RU,ru;q=0.8,en-US;q=0.6,en;q=0.4,uk;q=0.2'
    'HTTP_COOKIE' => '_csrf=ba63d660e956f3e7fa2345e21be67bebd225a7de3159d723bba4417e415efbafa%3A2%3A%7Bi%3A0%3Bs%3A5%3A%22_csrf%22%3Bi%3A1%3Bs%3A32%3A%22FcztKP-v5oV-5qLsQ5yyJ1bIrBro3wAC%22%3B%7D; PHPSESSID=v50qh9mi2gc77i6ej56sfj5ql1'
    'PATH' => 'C:\\Program Files\\Google\\Chrome\\Application;C:\\Windows\\system32;C:\\Windows;C:\\Windows\\System32\\Wbem;C:\\Windows\\System32\\WindowsPowerShell\\v1.0\\;C:\\Program Files\\Intel\\OpenCL SDK\\3.0\\bin\\x86ЖC:\\Program Files\\Java\\jdk1.8.0_05\\bin;C:\\Program Files\\QuickTime\\QTSystem\\;C:\\Program Files\\OpenVPN\\bin;C:\\Program Files\\Autodesk\\Backburner\\;C:\\Program Files\\Common Files\\Autodesk Shared\\;c:\\Program Files\\Microsoft SQL Server\\90\\Tools\\binn\\;C:\\Program Files\\Common Files\\Adobe\\AGL;C:\\Program Files\\TortoiseSVN\\bin;C:\\Program Files\\Skype\\Phone\\'
    'SystemRoot' => 'C:\\Windows'
    'COMSPEC' => 'C:\\Windows\\system32\\cmd.exe'
    'PATHEXT' => '.COM;.EXE;.BAT;.CMD;.VBS;.VBE;.JS;.JSE;.WSF;.WSH;.MSC'
    'WINDIR' => 'C:\\Windows'
    'SERVER_SIGNATURE' => '<address>Apache/2.4.17 (Win32) OpenSSL/1.0.2d PHP/5.5.30 Server at 91.246.250.91 Port 80</address>
'
    'SERVER_SOFTWARE' => 'Apache/2.4.17 (Win32) OpenSSL/1.0.2d PHP/5.5.30'
    'SERVER_NAME' => '91.246.250.91'
    'SERVER_ADDR' => '91.246.250.91'
    'SERVER_PORT' => '80'
    'REMOTE_ADDR' => '91.246.250.91'
    'DOCUMENT_ROOT' => 'C:/xampp/htdocs'
    'REQUEST_SCHEME' => 'http'
    'CONTEXT_PREFIX' => ''
    'CONTEXT_DOCUMENT_ROOT' => 'C:/xampp/htdocs'
    'SERVER_ADMIN' => 'postmaster@localhost'
    'SCRIPT_FILENAME' => 'C:/xampp/htdocs/basic/web/index.php'
    'REMOTE_PORT' => '1319'
    'GATEWAY_INTERFACE' => 'CGI/1.1'
    'SERVER_PROTOCOL' => 'HTTP/1.1'
    'REQUEST_METHOD' => 'GET'
    'QUERY_STRING' => 'r=site%2Fbigstirka'
    'REQUEST_URI' => '/basic/web/index.php?r=site%2Fbigstirka'
    'SCRIPT_NAME' => '/basic/web/index.php'
    'PHP_SELF' => '/basic/web/index.php'
    'REQUEST_TIME_FLOAT' => 1453564955.387
    'REQUEST_TIME' => 1453564955
]
2016-01-23 17:05:13 [91.246.250.91][-][-][warning][yii\debug\Module::checkAccess] Access to debugger is denied due to IP address restriction. The requesting IP address is 91.246.250.91
    in C:\xampp\htdocs\basic\views\layouts\main.php:70
    in C:\xampp\htdocs\basic\controllers\SiteController.php:97
2016-01-23 17:05:13 [91.246.250.91][-][-][info][application] $_GET = [
    'r' => 'site/bigstirka'
]

$_COOKIE = [
    '_csrf' => 'ba63d660e956f3e7fa2345e21be67bebd225a7de3159d723bba4417e415efbafa:2:{i:0;s:5:\"_csrf\";i:1;s:32:\"FcztKP-v5oV-5qLsQ5yyJ1bIrBro3wAC\";}'
    'PHPSESSID' => 'v50qh9mi2gc77i6ej56sfj5ql1'
]

$_SESSION = [
    '__flash' => []
    '__captcha/site/captcha' => 'bajnmip'
    '__captcha/site/captchacount' => 1
]

$_SERVER = [
    'MIBDIRS' => '/xampp/php/extras/mibs'
    'MYSQL_HOME' => '\\xampp\\mysql\\bin'
    'OPENSSL_CONF' => '/xampp/apache/bin/openssl.cnf'
    'PHP_PEAR_SYSCONF_DIR' => '\\xampp\\php'
    'PHPRC' => '\\xampp\\php'
    'TMP' => '\\xampp\\tmp'
    'HTTP_HOST' => '91.246.250.91'
    'HTTP_CONNECTION' => 'keep-alive'
    'HTTP_ACCEPT' => 'text/html,application/xhtml+xml,application/xml;q=0.9,image/webp,*/*;q=0.8'
    'HTTP_UPGRADE_INSECURE_REQUESTS' => '1'
    'HTTP_USER_AGENT' => 'Mozilla/5.0 (Windows NT 6.1) AppleWebKit/537.36 (KHTML, like Gecko) Chrome/47.0.2526.111 Safari/537.36'
    'HTTP_ACCEPT_ENCODING' => 'gzip, deflate, sdch'
    'HTTP_ACCEPT_LANGUAGE' => 'ru-RU,ru;q=0.8,en-US;q=0.6,en;q=0.4,uk;q=0.2'
    'HTTP_COOKIE' => '_csrf=ba63d660e956f3e7fa2345e21be67bebd225a7de3159d723bba4417e415efbafa%3A2%3A%7Bi%3A0%3Bs%3A5%3A%22_csrf%22%3Bi%3A1%3Bs%3A32%3A%22FcztKP-v5oV-5qLsQ5yyJ1bIrBro3wAC%22%3B%7D; PHPSESSID=v50qh9mi2gc77i6ej56sfj5ql1'
    'PATH' => 'C:\\Program Files\\Google\\Chrome\\Application;C:\\Windows\\system32;C:\\Windows;C:\\Windows\\System32\\Wbem;C:\\Windows\\System32\\WindowsPowerShell\\v1.0\\;C:\\Program Files\\Intel\\OpenCL SDK\\3.0\\bin\\x86ЖC:\\Program Files\\Java\\jdk1.8.0_05\\bin;C:\\Program Files\\QuickTime\\QTSystem\\;C:\\Program Files\\OpenVPN\\bin;C:\\Program Files\\Autodesk\\Backburner\\;C:\\Program Files\\Common Files\\Autodesk Shared\\;c:\\Program Files\\Microsoft SQL Server\\90\\Tools\\binn\\;C:\\Program Files\\Common Files\\Adobe\\AGL;C:\\Program Files\\TortoiseSVN\\bin;C:\\Program Files\\Skype\\Phone\\'
    'SystemRoot' => 'C:\\Windows'
    'COMSPEC' => 'C:\\Windows\\system32\\cmd.exe'
    'PATHEXT' => '.COM;.EXE;.BAT;.CMD;.VBS;.VBE;.JS;.JSE;.WSF;.WSH;.MSC'
    'WINDIR' => 'C:\\Windows'
    'SERVER_SIGNATURE' => '<address>Apache/2.4.17 (Win32) OpenSSL/1.0.2d PHP/5.5.30 Server at 91.246.250.91 Port 80</address>
'
    'SERVER_SOFTWARE' => 'Apache/2.4.17 (Win32) OpenSSL/1.0.2d PHP/5.5.30'
    'SERVER_NAME' => '91.246.250.91'
    'SERVER_ADDR' => '91.246.250.91'
    'SERVER_PORT' => '80'
    'REMOTE_ADDR' => '91.246.250.91'
    'DOCUMENT_ROOT' => 'C:/xampp/htdocs'
    'REQUEST_SCHEME' => 'http'
    'CONTEXT_PREFIX' => ''
    'CONTEXT_DOCUMENT_ROOT' => 'C:/xampp/htdocs'
    'SERVER_ADMIN' => 'postmaster@localhost'
    'SCRIPT_FILENAME' => 'C:/xampp/htdocs/basic/web/index.php'
    'REMOTE_PORT' => '1406'
    'GATEWAY_INTERFACE' => 'CGI/1.1'
    'SERVER_PROTOCOL' => 'HTTP/1.1'
    'REQUEST_METHOD' => 'GET'
    'QUERY_STRING' => 'r=site%2Fbigstirka'
    'REQUEST_URI' => '/basic/web/index.php?r=site%2Fbigstirka'
    'SCRIPT_NAME' => '/basic/web/index.php'
    'PHP_SELF' => '/basic/web/index.php'
    'REQUEST_TIME_FLOAT' => 1453565113.396
    'REQUEST_TIME' => 1453565113
]
2016-01-23 17:09:21 [91.246.250.91][-][-][warning][yii\debug\Module::checkAccess] Access to debugger is denied due to IP address restriction. The requesting IP address is 91.246.250.91
    in C:\xampp\htdocs\basic\views\layouts\main.php:128
    in C:\xampp\htdocs\basic\controllers\SiteController.php:97
2016-01-23 17:09:21 [91.246.250.91][-][-][info][application] $_GET = [
    'r' => 'site/bigstirka'
]

$_COOKIE = [
    '_csrf' => 'ba63d660e956f3e7fa2345e21be67bebd225a7de3159d723bba4417e415efbafa:2:{i:0;s:5:\"_csrf\";i:1;s:32:\"FcztKP-v5oV-5qLsQ5yyJ1bIrBro3wAC\";}'
    'PHPSESSID' => 'v50qh9mi2gc77i6ej56sfj5ql1'
]

$_SERVER = [
    'MIBDIRS' => '/xampp/php/extras/mibs'
    'MYSQL_HOME' => '\\xampp\\mysql\\bin'
    'OPENSSL_CONF' => '/xampp/apache/bin/openssl.cnf'
    'PHP_PEAR_SYSCONF_DIR' => '\\xampp\\php'
    'PHPRC' => '\\xampp\\php'
    'TMP' => '\\xampp\\tmp'
    'HTTP_HOST' => '91.246.250.91'
    'HTTP_CONNECTION' => 'keep-alive'
    'HTTP_CACHE_CONTROL' => 'max-age=0'
    'HTTP_ACCEPT' => 'text/html,application/xhtml+xml,application/xml;q=0.9,image/webp,*/*;q=0.8'
    'HTTP_UPGRADE_INSECURE_REQUESTS' => '1'
    'HTTP_USER_AGENT' => 'Mozilla/5.0 (Windows NT 6.1) AppleWebKit/537.36 (KHTML, like Gecko) Chrome/47.0.2526.111 Safari/537.36'
    'HTTP_ACCEPT_ENCODING' => 'gzip, deflate, sdch'
    'HTTP_ACCEPT_LANGUAGE' => 'ru-RU,ru;q=0.8,en-US;q=0.6,en;q=0.4,uk;q=0.2'
    'HTTP_COOKIE' => '_csrf=ba63d660e956f3e7fa2345e21be67bebd225a7de3159d723bba4417e415efbafa%3A2%3A%7Bi%3A0%3Bs%3A5%3A%22_csrf%22%3Bi%3A1%3Bs%3A32%3A%22FcztKP-v5oV-5qLsQ5yyJ1bIrBro3wAC%22%3B%7D; PHPSESSID=v50qh9mi2gc77i6ej56sfj5ql1'
    'PATH' => 'C:\\Program Files\\Google\\Chrome\\Application;C:\\Windows\\system32;C:\\Windows;C:\\Windows\\System32\\Wbem;C:\\Windows\\System32\\WindowsPowerShell\\v1.0\\;C:\\Program Files\\Intel\\OpenCL SDK\\3.0\\bin\\x86ЖC:\\Program Files\\Java\\jdk1.8.0_05\\bin;C:\\Program Files\\QuickTime\\QTSystem\\;C:\\Program Files\\OpenVPN\\bin;C:\\Program Files\\Autodesk\\Backburner\\;C:\\Program Files\\Common Files\\Autodesk Shared\\;c:\\Program Files\\Microsoft SQL Server\\90\\Tools\\binn\\;C:\\Program Files\\Common Files\\Adobe\\AGL;C:\\Program Files\\TortoiseSVN\\bin;C:\\Program Files\\Skype\\Phone\\'
    'SystemRoot' => 'C:\\Windows'
    'COMSPEC' => 'C:\\Windows\\system32\\cmd.exe'
    'PATHEXT' => '.COM;.EXE;.BAT;.CMD;.VBS;.VBE;.JS;.JSE;.WSF;.WSH;.MSC'
    'WINDIR' => 'C:\\Windows'
    'SERVER_SIGNATURE' => '<address>Apache/2.4.17 (Win32) OpenSSL/1.0.2d PHP/5.5.30 Server at 91.246.250.91 Port 80</address>
'
    'SERVER_SOFTWARE' => 'Apache/2.4.17 (Win32) OpenSSL/1.0.2d PHP/5.5.30'
    'SERVER_NAME' => '91.246.250.91'
    'SERVER_ADDR' => '91.246.250.91'
    'SERVER_PORT' => '80'
    'REMOTE_ADDR' => '91.246.250.91'
    'DOCUMENT_ROOT' => 'C:/xampp/htdocs'
    'REQUEST_SCHEME' => 'http'
    'CONTEXT_PREFIX' => ''
    'CONTEXT_DOCUMENT_ROOT' => 'C:/xampp/htdocs'
    'SERVER_ADMIN' => 'postmaster@localhost'
    'SCRIPT_FILENAME' => 'C:/xampp/htdocs/basic/web/index.php'
    'REMOTE_PORT' => '1477'
    'GATEWAY_INTERFACE' => 'CGI/1.1'
    'SERVER_PROTOCOL' => 'HTTP/1.1'
    'REQUEST_METHOD' => 'GET'
    'QUERY_STRING' => 'r=site%2Fbigstirka'
    'REQUEST_URI' => '/basic/web/index.php?r=site%2Fbigstirka'
    'SCRIPT_NAME' => '/basic/web/index.php'
    'PHP_SELF' => '/basic/web/index.php'
    'REQUEST_TIME_FLOAT' => 1453565361.293
    'REQUEST_TIME' => 1453565361
]
2016-01-23 17:09:32 [91.246.250.91][-][-][warning][yii\debug\Module::checkAccess] Access to debugger is denied due to IP address restriction. The requesting IP address is 91.246.250.91
    in C:\xampp\htdocs\basic\views\layouts\main.php:128
    in C:\xampp\htdocs\basic\controllers\SiteController.php:97
2016-01-23 17:09:32 [91.246.250.91][-][-][info][application] $_GET = [
    'r' => 'site/bigstirka'
]

$_COOKIE = [
    '_csrf' => 'ba63d660e956f3e7fa2345e21be67bebd225a7de3159d723bba4417e415efbafa:2:{i:0;s:5:\"_csrf\";i:1;s:32:\"FcztKP-v5oV-5qLsQ5yyJ1bIrBro3wAC\";}'
    'PHPSESSID' => 'v50qh9mi2gc77i6ej56sfj5ql1'
]

$_SERVER = [
    'MIBDIRS' => '/xampp/php/extras/mibs'
    'MYSQL_HOME' => '\\xampp\\mysql\\bin'
    'OPENSSL_CONF' => '/xampp/apache/bin/openssl.cnf'
    'PHP_PEAR_SYSCONF_DIR' => '\\xampp\\php'
    'PHPRC' => '\\xampp\\php'
    'TMP' => '\\xampp\\tmp'
    'HTTP_HOST' => '91.246.250.91'
    'HTTP_CONNECTION' => 'keep-alive'
    'HTTP_CACHE_CONTROL' => 'max-age=0'
    'HTTP_ACCEPT' => 'text/html,application/xhtml+xml,application/xml;q=0.9,image/webp,*/*;q=0.8'
    'HTTP_UPGRADE_INSECURE_REQUESTS' => '1'
    'HTTP_USER_AGENT' => 'Mozilla/5.0 (Windows NT 6.1) AppleWebKit/537.36 (KHTML, like Gecko) Chrome/47.0.2526.111 Safari/537.36'
    'HTTP_ACCEPT_ENCODING' => 'gzip, deflate, sdch'
    'HTTP_ACCEPT_LANGUAGE' => 'ru-RU,ru;q=0.8,en-US;q=0.6,en;q=0.4,uk;q=0.2'
    'HTTP_COOKIE' => '_csrf=ba63d660e956f3e7fa2345e21be67bebd225a7de3159d723bba4417e415efbafa%3A2%3A%7Bi%3A0%3Bs%3A5%3A%22_csrf%22%3Bi%3A1%3Bs%3A32%3A%22FcztKP-v5oV-5qLsQ5yyJ1bIrBro3wAC%22%3B%7D; PHPSESSID=v50qh9mi2gc77i6ej56sfj5ql1'
    'PATH' => 'C:\\Program Files\\Google\\Chrome\\Application;C:\\Windows\\system32;C:\\Windows;C:\\Windows\\System32\\Wbem;C:\\Windows\\System32\\WindowsPowerShell\\v1.0\\;C:\\Program Files\\Intel\\OpenCL SDK\\3.0\\bin\\x86ЖC:\\Program Files\\Java\\jdk1.8.0_05\\bin;C:\\Program Files\\QuickTime\\QTSystem\\;C:\\Program Files\\OpenVPN\\bin;C:\\Program Files\\Autodesk\\Backburner\\;C:\\Program Files\\Common Files\\Autodesk Shared\\;c:\\Program Files\\Microsoft SQL Server\\90\\Tools\\binn\\;C:\\Program Files\\Common Files\\Adobe\\AGL;C:\\Program Files\\TortoiseSVN\\bin;C:\\Program Files\\Skype\\Phone\\'
    'SystemRoot' => 'C:\\Windows'
    'COMSPEC' => 'C:\\Windows\\system32\\cmd.exe'
    'PATHEXT' => '.COM;.EXE;.BAT;.CMD;.VBS;.VBE;.JS;.JSE;.WSF;.WSH;.MSC'
    'WINDIR' => 'C:\\Windows'
    'SERVER_SIGNATURE' => '<address>Apache/2.4.17 (Win32) OpenSSL/1.0.2d PHP/5.5.30 Server at 91.246.250.91 Port 80</address>
'
    'SERVER_SOFTWARE' => 'Apache/2.4.17 (Win32) OpenSSL/1.0.2d PHP/5.5.30'
    'SERVER_NAME' => '91.246.250.91'
    'SERVER_ADDR' => '91.246.250.91'
    'SERVER_PORT' => '80'
    'REMOTE_ADDR' => '91.246.250.91'
    'DOCUMENT_ROOT' => 'C:/xampp/htdocs'
    'REQUEST_SCHEME' => 'http'
    'CONTEXT_PREFIX' => ''
    'CONTEXT_DOCUMENT_ROOT' => 'C:/xampp/htdocs'
    'SERVER_ADMIN' => 'postmaster@localhost'
    'SCRIPT_FILENAME' => 'C:/xampp/htdocs/basic/web/index.php'
    'REMOTE_PORT' => '1505'
    'GATEWAY_INTERFACE' => 'CGI/1.1'
    'SERVER_PROTOCOL' => 'HTTP/1.1'
    'REQUEST_METHOD' => 'GET'
    'QUERY_STRING' => 'r=site%2Fbigstirka'
    'REQUEST_URI' => '/basic/web/index.php?r=site%2Fbigstirka'
    'SCRIPT_NAME' => '/basic/web/index.php'
    'PHP_SELF' => '/basic/web/index.php'
    'REQUEST_TIME_FLOAT' => 1453565372.145
    'REQUEST_TIME' => 1453565372
]
2016-01-23 17:11:33 [91.246.250.91][-][-][warning][yii\debug\Module::checkAccess] Access to debugger is denied due to IP address restriction. The requesting IP address is 91.246.250.91
    in C:\xampp\htdocs\basic\views\layouts\main.php:128
    in C:\xampp\htdocs\basic\controllers\SiteController.php:52
2016-01-23 17:11:33 [91.246.250.91][-][-][info][application] $_COOKIE = [
    '_csrf' => 'ba63d660e956f3e7fa2345e21be67bebd225a7de3159d723bba4417e415efbafa:2:{i:0;s:5:\"_csrf\";i:1;s:32:\"FcztKP-v5oV-5qLsQ5yyJ1bIrBro3wAC\";}'
    'PHPSESSID' => 'v50qh9mi2gc77i6ej56sfj5ql1'
]

$_SERVER = [
    'MIBDIRS' => '/xampp/php/extras/mibs'
    'MYSQL_HOME' => '\\xampp\\mysql\\bin'
    'OPENSSL_CONF' => '/xampp/apache/bin/openssl.cnf'
    'PHP_PEAR_SYSCONF_DIR' => '\\xampp\\php'
    'PHPRC' => '\\xampp\\php'
    'TMP' => '\\xampp\\tmp'
    'HTTP_HOST' => '91.246.250.91'
    'HTTP_CONNECTION' => 'keep-alive'
    'HTTP_ACCEPT' => 'text/html,application/xhtml+xml,application/xml;q=0.9,image/webp,*/*;q=0.8'
    'HTTP_UPGRADE_INSECURE_REQUESTS' => '1'
    'HTTP_USER_AGENT' => 'Mozilla/5.0 (Windows NT 6.1) AppleWebKit/537.36 (KHTML, like Gecko) Chrome/47.0.2526.111 Safari/537.36'
    'HTTP_ACCEPT_ENCODING' => 'gzip, deflate, sdch'
    'HTTP_ACCEPT_LANGUAGE' => 'ru-RU,ru;q=0.8,en-US;q=0.6,en;q=0.4,uk;q=0.2'
    'HTTP_COOKIE' => '_csrf=ba63d660e956f3e7fa2345e21be67bebd225a7de3159d723bba4417e415efbafa%3A2%3A%7Bi%3A0%3Bs%3A5%3A%22_csrf%22%3Bi%3A1%3Bs%3A32%3A%22FcztKP-v5oV-5qLsQ5yyJ1bIrBro3wAC%22%3B%7D; PHPSESSID=v50qh9mi2gc77i6ej56sfj5ql1'
    'PATH' => 'C:\\Program Files\\Google\\Chrome\\Application;C:\\Windows\\system32;C:\\Windows;C:\\Windows\\System32\\Wbem;C:\\Windows\\System32\\WindowsPowerShell\\v1.0\\;C:\\Program Files\\Intel\\OpenCL SDK\\3.0\\bin\\x86ЖC:\\Program Files\\Java\\jdk1.8.0_05\\bin;C:\\Program Files\\QuickTime\\QTSystem\\;C:\\Program Files\\OpenVPN\\bin;C:\\Program Files\\Autodesk\\Backburner\\;C:\\Program Files\\Common Files\\Autodesk Shared\\;c:\\Program Files\\Microsoft SQL Server\\90\\Tools\\binn\\;C:\\Program Files\\Common Files\\Adobe\\AGL;C:\\Program Files\\TortoiseSVN\\bin;C:\\Program Files\\Skype\\Phone\\'
    'SystemRoot' => 'C:\\Windows'
    'COMSPEC' => 'C:\\Windows\\system32\\cmd.exe'
    'PATHEXT' => '.COM;.EXE;.BAT;.CMD;.VBS;.VBE;.JS;.JSE;.WSF;.WSH;.MSC'
    'WINDIR' => 'C:\\Windows'
    'SERVER_SIGNATURE' => '<address>Apache/2.4.17 (Win32) OpenSSL/1.0.2d PHP/5.5.30 Server at 91.246.250.91 Port 80</address>
'
    'SERVER_SOFTWARE' => 'Apache/2.4.17 (Win32) OpenSSL/1.0.2d PHP/5.5.30'
    'SERVER_NAME' => '91.246.250.91'
    'SERVER_ADDR' => '91.246.250.91'
    'SERVER_PORT' => '80'
    'REMOTE_ADDR' => '91.246.250.91'
    'DOCUMENT_ROOT' => 'C:/xampp/htdocs'
    'REQUEST_SCHEME' => 'http'
    'CONTEXT_PREFIX' => ''
    'CONTEXT_DOCUMENT_ROOT' => 'C:/xampp/htdocs'
    'SERVER_ADMIN' => 'postmaster@localhost'
    'SCRIPT_FILENAME' => 'C:/xampp/htdocs/basic/web/index.php'
    'REMOTE_PORT' => '1541'
    'GATEWAY_INTERFACE' => 'CGI/1.1'
    'SERVER_PROTOCOL' => 'HTTP/1.1'
    'REQUEST_METHOD' => 'GET'
    'QUERY_STRING' => ''
    'REQUEST_URI' => '/basic/web/'
    'SCRIPT_NAME' => '/basic/web/index.php'
    'PHP_SELF' => '/basic/web/index.php'
    'REQUEST_TIME_FLOAT' => 1453565493.808
    'REQUEST_TIME' => 1453565493
]
2016-01-23 17:12:05 [91.246.250.91][-][-][warning][yii\debug\Module::checkAccess] Access to debugger is denied due to IP address restriction. The requesting IP address is 91.246.250.91
    in C:\xampp\htdocs\basic\views\layouts\main.php:128
    in C:\xampp\htdocs\basic\controllers\SiteController.php:52
2016-01-23 17:12:05 [91.246.250.91][-][-][info][application] $_COOKIE = [
    '_csrf' => 'ba63d660e956f3e7fa2345e21be67bebd225a7de3159d723bba4417e415efbafa:2:{i:0;s:5:\"_csrf\";i:1;s:32:\"FcztKP-v5oV-5qLsQ5yyJ1bIrBro3wAC\";}'
    'PHPSESSID' => 'v50qh9mi2gc77i6ej56sfj5ql1'
]

$_SERVER = [
    'MIBDIRS' => '/xampp/php/extras/mibs'
    'MYSQL_HOME' => '\\xampp\\mysql\\bin'
    'OPENSSL_CONF' => '/xampp/apache/bin/openssl.cnf'
    'PHP_PEAR_SYSCONF_DIR' => '\\xampp\\php'
    'PHPRC' => '\\xampp\\php'
    'TMP' => '\\xampp\\tmp'
    'HTTP_HOST' => '91.246.250.91'
    'HTTP_CONNECTION' => 'keep-alive'
    'HTTP_CACHE_CONTROL' => 'max-age=0'
    'HTTP_ACCEPT' => 'text/html,application/xhtml+xml,application/xml;q=0.9,image/webp,*/*;q=0.8'
    'HTTP_UPGRADE_INSECURE_REQUESTS' => '1'
    'HTTP_USER_AGENT' => 'Mozilla/5.0 (Windows NT 6.1) AppleWebKit/537.36 (KHTML, like Gecko) Chrome/47.0.2526.111 Safari/537.36'
    'HTTP_ACCEPT_ENCODING' => 'gzip, deflate, sdch'
    'HTTP_ACCEPT_LANGUAGE' => 'ru-RU,ru;q=0.8,en-US;q=0.6,en;q=0.4,uk;q=0.2'
    'HTTP_COOKIE' => '_csrf=ba63d660e956f3e7fa2345e21be67bebd225a7de3159d723bba4417e415efbafa%3A2%3A%7Bi%3A0%3Bs%3A5%3A%22_csrf%22%3Bi%3A1%3Bs%3A32%3A%22FcztKP-v5oV-5qLsQ5yyJ1bIrBro3wAC%22%3B%7D; PHPSESSID=v50qh9mi2gc77i6ej56sfj5ql1'
    'PATH' => 'C:\\Program Files\\Google\\Chrome\\Application;C:\\Windows\\system32;C:\\Windows;C:\\Windows\\System32\\Wbem;C:\\Windows\\System32\\WindowsPowerShell\\v1.0\\;C:\\Program Files\\Intel\\OpenCL SDK\\3.0\\bin\\x86ЖC:\\Program Files\\Java\\jdk1.8.0_05\\bin;C:\\Program Files\\QuickTime\\QTSystem\\;C:\\Program Files\\OpenVPN\\bin;C:\\Program Files\\Autodesk\\Backburner\\;C:\\Program Files\\Common Files\\Autodesk Shared\\;c:\\Program Files\\Microsoft SQL Server\\90\\Tools\\binn\\;C:\\Program Files\\Common Files\\Adobe\\AGL;C:\\Program Files\\TortoiseSVN\\bin;C:\\Program Files\\Skype\\Phone\\'
    'SystemRoot' => 'C:\\Windows'
    'COMSPEC' => 'C:\\Windows\\system32\\cmd.exe'
    'PATHEXT' => '.COM;.EXE;.BAT;.CMD;.VBS;.VBE;.JS;.JSE;.WSF;.WSH;.MSC'
    'WINDIR' => 'C:\\Windows'
    'SERVER_SIGNATURE' => '<address>Apache/2.4.17 (Win32) OpenSSL/1.0.2d PHP/5.5.30 Server at 91.246.250.91 Port 80</address>
'
    'SERVER_SOFTWARE' => 'Apache/2.4.17 (Win32) OpenSSL/1.0.2d PHP/5.5.30'
    'SERVER_NAME' => '91.246.250.91'
    'SERVER_ADDR' => '91.246.250.91'
    'SERVER_PORT' => '80'
    'REMOTE_ADDR' => '91.246.250.91'
    'DOCUMENT_ROOT' => 'C:/xampp/htdocs'
    'REQUEST_SCHEME' => 'http'
    'CONTEXT_PREFIX' => ''
    'CONTEXT_DOCUMENT_ROOT' => 'C:/xampp/htdocs'
    'SERVER_ADMIN' => 'postmaster@localhost'
    'SCRIPT_FILENAME' => 'C:/xampp/htdocs/basic/web/index.php'
    'REMOTE_PORT' => '1578'
    'GATEWAY_INTERFACE' => 'CGI/1.1'
    'SERVER_PROTOCOL' => 'HTTP/1.1'
    'REQUEST_METHOD' => 'GET'
    'QUERY_STRING' => ''
    'REQUEST_URI' => '/basic/web/'
    'SCRIPT_NAME' => '/basic/web/index.php'
    'PHP_SELF' => '/basic/web/index.php'
    'REQUEST_TIME_FLOAT' => 1453565525.655
    'REQUEST_TIME' => 1453565525
]
